#
# A fatal error has been detected by the Java Runtime Environment:
#
#  SIGSEGV (0xb) at pc=0x000000010d232d10, pid=14277, tid=18691
#
# JRE version: Java(TM) SE Runtime Environment (8.0_45-b14) (build 1.8.0_45-b14)
# Java VM: Java HotSpot(TM) 64-Bit Server VM (25.45-b02 mixed mode bsd-amd64 compressed oops)
# Problematic frame:
# V  [libjvm.dylib+0x432d10]  Method::checked_resolve_jmethod_id(_jmethodID*)+0xe
#
# Failed to write core dump. Core dumps have been disabled. To enable core dumping, try "ulimit -c unlimited" before starting Java again
#
# If you would like to submit a bug report, please visit:
#   http://bugreport.java.com/bugreport/crash.jsp
#

---------------  T H R E A D  ---------------

Current thread (0x00007f8d76825000):  JavaThread "JDWP Transport Listener: dt_socket" daemon [_thread_in_vm, id=18691, stack(0x000000012b496000,0x000000012b596000)]

siginfo: si_signo: 11 (SIGSEGV), si_code: 0 (unknown), si_addr: 0x0000000000000000

Registers:
RAX=0x0000000000000001, RBX=0x000000012b595a8b, RCX=0x000000010d5fa190, RDX=0x000000012b595a8b
RSP=0x000000012b5959d0, RBP=0x000000012b5959e0, RSI=0x00007f8d76825000, RDI=0x0400020031007365
R8 =0x0000000000000000, R9 =0x00007f8d75200000, R10=0x0000000000000010, R11=0x00007f8d75200000
R12=0x00007f8d76825000, R13=0x0400020031007365, R14=0x0400020031007365, R15=0x00007f8d7341d730
RIP=0x000000010d232d10, EFLAGS=0x0000000000010206, ERR=0x0000000000000000
  TRAPNO=0x000000000000000d

Top of Stack: (sp=0x000000012b5959d0)
0x000000012b5959d0:   000000012b595a8b 000000012b595a8b
0x000000012b5959e0:   000000012b595a40 000000010d1430d6
0x000000012b5959f0:   00007f8d76825000 0000000000000000
0x000000012b595a00:   0000000000000000 0000000000000000
0x000000012b595a10:   00007f8d76825000 00007f8d76825000
0x000000012b595a20:   000000012b595a8b 000000012b595a90
0x000000012b595a30:   0400020031007365 0000000000000081
0x000000012b595a40:   000000012b595a60 000000010de8c780
0x000000012b595a50:   0000000000000001 000000012b595b08
0x000000012b595a60:   000000012b595ad0 000000010de711f3
0x000000012b595a70:   000000012b595aa0 00007f8d768b2e00
0x000000012b595a80:   0000008200000032 0000000800595b08
0x000000012b595a90:   0000000000000000 0000000000000000
0x000000012b595aa0:   0000000000000000 000000012b595c90
0x000000012b595ab0:   000000010de93e7a 00007f8d75038ef0
0x000000012b595ac0:   000000012b595b08 000000010de9f598
0x000000012b595ad0:   000000012b595ae0 000000010de712ec
0x000000012b595ae0:   000000012b595d00 000000010de7a898
0x000000012b595af0:   0004a87e00000013 00000000000f0200
0x000000012b595b00:   00007f8d7505d570 00007f8d738b42d0
0x000000012b595b10:   00007f8d000004b0 00007f8d734521e0
0x000000012b595b20:   00007f8d0000012c 000000012b595b58
0x000000012b595b30:   00007f8d73440b10 00007f0000000000
0x000000012b595b40:   0004a87e0000452f 00007fff0000bf80
0x000000012b595b50:   0000000000000000 8d7f000082000000
0x000000012b595b60:   0600000088cb2275 00003e74696e693c
0x000000012b595b70:   0000005629280300 7f00000100000000
0x000000012b595b80:   000000188f03758d 0000796172726105
0x000000012b595b90:   76616a4c5b282800 4f2f676e616c2f61
0x000000012b595ba0:   5b293b7463656a62 616c2f6176616a4c
0x000000012b595bb0:   63656a624f2f676e 543c200000003b74
0x000000012b595bc0:   6c2f6176616a4c3a 656a624f2f676e61 

Instructions: (pc=0x000000010d232d10)
0x000000010d232cf0:   40 48 48 85 c0 75 e0 30 c0 0f b6 c0 5d c3 31 c0
0x000000010d232d00:   5d c3 55 48 89 e5 53 48 83 ec 08 48 85 ff 74 24
0x000000010d232d10:   48 8b 1f 48 85 db 74 1c 48 83 fb 37 74 16 48 8b
0x000000010d232d20:   03 48 89 df ff 50 10 84 c0 b8 00 00 00 00 48 0f 

Register to memory mapping:

RAX=0x0000000000000001 is an unknown value
RBX=0x000000012b595a8b is pointing into the stack for thread: 0x00007f8d76825000
RCX=0x000000010d5fa190: UseMembar+0 in /Library/Java/JavaVirtualMachines/jdk1.8.0_45.jdk/Contents/Home/jre/lib/server/libjvm.dylib at 0x000000010ce00000
RDX=0x000000012b595a8b is pointing into the stack for thread: 0x00007f8d76825000
RSP=0x000000012b5959d0 is pointing into the stack for thread: 0x00007f8d76825000
RBP=0x000000012b5959e0 is pointing into the stack for thread: 0x00007f8d76825000
RSI=0x00007f8d76825000 is a thread
RDI=0x0400020031007365 is an unknown value
R8 =0x0000000000000000 is an unknown value
R9 =0x00007f8d75200000 is an unknown value
R10=0x0000000000000010 is an unknown value
R11=0x00007f8d75200000 is an unknown value
R12=0x00007f8d76825000 is a thread
R13=0x0400020031007365 is an unknown value
R14=0x0400020031007365 is an unknown value
R15=0x00007f8d7341d730 is an unknown value


Stack: [0x000000012b496000,0x000000012b596000],  sp=0x000000012b5959d0,  free space=1022k
Native frames: (J=compiled Java code, j=interpreted, Vv=VM code, C=native code)
V  [libjvm.dylib+0x432d10]  Method::checked_resolve_jmethod_id(_jmethodID*)+0xe
V  [libjvm.dylib+0x3430d6]  jvmti_IsMethodSynthetic+0xb2
C  [libjdwp.dylib+0x20780]  isMethodSynthetic+0x63
C  [libjdwp.dylib+0x51f3]  methods1+0x10b
C  [libjdwp.dylib+0x52ec]  methodsWithGeneric+0xe
C  [libjdwp.dylib+0xe898]  debugLoop_run+0x1ce
C  [libjdwp.dylib+0x1f6ba]  attachThread+0x4d
V  [libjvm.dylib+0x38401c]  JvmtiAgentThread::call_start_function()+0x38
V  [libjvm.dylib+0x549acf]  JavaThread::thread_main_inner()+0x9b
V  [libjvm.dylib+0x54b1c0]  JavaThread::run()+0x1c2
V  [libjvm.dylib+0x46ea7e]  java_start(Thread*)+0xf6
C  [libsystem_pthread.dylib+0x3268]  _pthread_body+0x83
C  [libsystem_pthread.dylib+0x31e5]  _pthread_body+0x0
C  [libsystem_pthread.dylib+0x141d]  thread_start+0xd
C  0x0000000000000000


---------------  P R O C E S S  ---------------

Java Threads: ( => current thread )
  0x00007f8d74017800 JavaThread "Service Thread" daemon [_thread_blocked, id=22275, stack(0x000000012bbab000,0x000000012bcab000)]
  0x00007f8d77808000 JavaThread "C1 CompilerThread3" daemon [_thread_blocked, id=21763, stack(0x000000012baa8000,0x000000012bba8000)]
  0x00007f8d7383b000 JavaThread "C2 CompilerThread2" daemon [_thread_blocked, id=21251, stack(0x000000012b9a5000,0x000000012baa5000)]
  0x00007f8d75802800 JavaThread "C2 CompilerThread1" daemon [_thread_blocked, id=20739, stack(0x000000012b8a2000,0x000000012b9a2000)]
  0x00007f8d77003000 JavaThread "C2 CompilerThread0" daemon [_thread_blocked, id=20227, stack(0x000000012b79f000,0x000000012b89f000)]
  0x00007f8d7383a000 JavaThread "JDWP Command Reader" daemon [_thread_in_native, id=19715, stack(0x000000012b69c000,0x000000012b79c000)]
  0x00007f8d75802000 JavaThread "JDWP Event Helper Thread" daemon [_thread_blocked, id=19203, stack(0x000000012b599000,0x000000012b699000)]
=>0x00007f8d76825000 JavaThread "JDWP Transport Listener: dt_socket" daemon [_thread_in_vm, id=18691, stack(0x000000012b496000,0x000000012b596000)]
  0x00007f8d74000800 JavaThread "Signal Dispatcher" daemon [_thread_blocked, id=15383, stack(0x000000012b38c000,0x000000012b48c000)]
  0x00007f8d74014800 JavaThread "Finalizer" daemon [_thread_blocked, id=13571, stack(0x000000012996b000,0x0000000129a6b000)]
  0x00007f8d74014000 JavaThread "Reference Handler" daemon [_thread_blocked, id=13059, stack(0x0000000129868000,0x0000000129968000)]
  0x00007f8d74003000 JavaThread "main" [_thread_blocked, id=4867, stack(0x000000010dd6a000,0x000000010de6a000)]

Other Threads:
  0x00007f8d7681b800 VMThread [stack: 0x0000000129765000,0x0000000129865000] [id=12547]
  0x00007f8d74029800 WatcherThread [stack: 0x000000012bcae000,0x000000012bdae000] [id=22787]

VM state:not at safepoint (normal execution)

VM Mutex/Monitor currently owned by a thread: None

Heap:
 PSYoungGen      total 76288K, used 17048K [0x000000076ab00000, 0x0000000770000000, 0x00000007c0000000)
  eden space 65536K, 26% used [0x000000076ab00000,0x000000076bba6088,0x000000076eb00000)
  from space 10752K, 0% used [0x000000076f580000,0x000000076f580000,0x0000000770000000)
  to   space 10752K, 0% used [0x000000076eb00000,0x000000076eb00000,0x000000076f580000)
 ParOldGen       total 175104K, used 0K [0x00000006c0000000, 0x00000006cab00000, 0x000000076ab00000)
  object space 175104K, 0% used [0x00000006c0000000,0x00000006c0000000,0x00000006cab00000)
 Metaspace       used 6430K, capacity 6718K, committed 6784K, reserved 1056768K
  class space    used 747K, capacity 863K, committed 896K, reserved 1048576K

Card table byte_map: [0x000000011d277000,0x000000011da78000] byte_map_base: 0x0000000119c77000

Marking Bits: (ParMarkBitMap*) 0x000000010d6c27a0
 Begin Bits: [0x000000011e7e6000, 0x00000001227e6000)
 End Bits:   [0x00000001227e6000, 0x00000001267e6000)

Polling page: 0x000000010bdc4000

CodeCache: size=245760Kb used=2474Kb max_used=2474Kb free=243285Kb
 bounds [0x000000010deb7000, 0x000000010e127000, 0x000000011ceb7000]
 total_blobs=836 nmethods=556 adapters=202
 compilation: enabled

Compilation events (10 events):
Event: 13.124 Thread 0x00007f8d77808000  552       3       java.lang.Character::isHighSurrogate (18 bytes)
Event: 13.124 Thread 0x00007f8d77808000 nmethod 552 0x000000010e11fad0 code [0x000000010e11fc40, 0x000000010e11fe10]
Event: 13.124 Thread 0x00007f8d77808000  555       3       java.lang.invoke.TypeConvertingMethodAdapter::descriptorToName (36 bytes)
Event: 13.125 Thread 0x00007f8d77808000 nmethod 555 0x000000010e11fe90 code [0x000000010e120060, 0x000000010e1207a8]
Event: 13.125 Thread 0x00007f8d77808000  553       3       java.util.regex.Pattern::has (15 bytes)
Event: 13.125 Thread 0x00007f8d77808000 nmethod 553 0x000000010e120ad0 code [0x000000010e120c40, 0x000000010e120df0]
Event: 13.125 Thread 0x00007f8d77808000  554       1       java.lang.invoke.InnerClassLambdaMetafactory::access$300 (5 bytes)
Event: 13.125 Thread 0x00007f8d77808000 nmethod 554 0x000000010e120e50 code [0x000000010e120fa0, 0x000000010e121090]
Event: 13.125 Thread 0x00007f8d77808000  556       3       jdk.internal.org.objectweb.asm.Label::resolve (214 bytes)
Event: 13.125 Thread 0x00007f8d77808000 nmethod 556 0x000000010e121510 code [0x000000010e1216a0, 0x000000010e121bb0]

GC Heap History (0 events):
No events

Deoptimization events (1 events):
Event: 0.178 Thread 0x00007f8d74003000 Uncommon trap: reason=unstable_if action=reinterpret pc=0x000000010dfde5cc method=java.lang.String.hashCode()I @ 14

Internal exceptions (10 events):
Event: 0.173 Thread 0x00007f8d74003000 Exception <a 'java/util/zip/ZipException'> (0x000000076abfe058) thrown at [/Users/java_re/workspace/8-2-build-macosx-x86_64/jdk8u45/3457/hotspot/src/share/vm/prims/jni.cpp, line 709]
Event: 0.173 Thread 0x00007f8d74003000 Exception <a 'java/security/PrivilegedActionException'> (0x000000076abfe208) thrown at [/Users/java_re/workspace/8-2-build-macosx-x86_64/jdk8u45/3457/hotspot/src/share/vm/prims/jvm.cpp, line 1382]
Event: 0.174 Thread 0x00007f8d74003000 Exception <a 'java/security/PrivilegedActionException'> (0x000000076abfe3c0) thrown at [/Users/java_re/workspace/8-2-build-macosx-x86_64/jdk8u45/3457/hotspot/src/share/vm/prims/jvm.cpp, line 1382]
Event: 0.212 Thread 0x00007f8d74003000 Exception <a 'java/io/FileNotFoundException'> (0x000000076b0a4728) thrown at [/Users/java_re/workspace/8-2-build-macosx-x86_64/jdk8u45/3457/hotspot/src/share/vm/prims/jni.cpp, line 709]
Event: 0.229 Thread 0x00007f8d74003000 Exception <a 'java/security/PrivilegedActionException'> (0x000000076b104c68) thrown at [/Users/java_re/workspace/8-2-build-macosx-x86_64/jdk8u45/3457/hotspot/src/share/vm/prims/jvm.cpp, line 1382]
Event: 0.229 Thread 0x00007f8d74003000 Exception <a 'java/security/PrivilegedActionException'> (0x000000076b104e20) thrown at [/Users/java_re/workspace/8-2-build-macosx-x86_64/jdk8u45/3457/hotspot/src/share/vm/prims/jvm.cpp, line 1382]
Event: 0.230 Thread 0x00007f8d74003000 Exception <a 'java/security/PrivilegedActionException'> (0x000000076b108010) thrown at [/Users/java_re/workspace/8-2-build-macosx-x86_64/jdk8u45/3457/hotspot/src/share/vm/prims/jvm.cpp, line 1382]
Event: 0.230 Thread 0x00007f8d74003000 Exception <a 'java/security/PrivilegedActionException'> (0x000000076b1081c8) thrown at [/Users/java_re/workspace/8-2-build-macosx-x86_64/jdk8u45/3457/hotspot/src/share/vm/prims/jvm.cpp, line 1382]
Event: 12.982 Thread 0x00007f8d74003000 Exception <a 'java/lang/NoSuchFieldError': method resolution failed> (0x000000076b62e638) thrown at [/Users/java_re/workspace/8-2-build-macosx-x86_64/jdk8u45/3457/hotspot/src/share/vm/prims/methodHandles.cpp, line 1125]
Event: 12.984 Thread 0x00007f8d74003000 Exception <a 'java/lang/NoSuchFieldError': method resolution failed> (0x000000076b63d270) thrown at [/Users/java_re/workspace/8-2-build-macosx-x86_64/jdk8u45/3457/hotspot/src/share/vm/prims/methodHandles.cpp, line 1125]

Events (10 events):
Event: 787.808 Executing VM operation: GetOrSetLocal
Event: 787.808 Executing VM operation: GetOrSetLocal done
Event: 787.831 Executing VM operation: GetOrSetLocal
Event: 787.831 Executing VM operation: GetOrSetLocal done
Event: 787.831 Executing VM operation: GetOrSetLocal
Event: 787.831 Executing VM operation: GetOrSetLocal done
Event: 787.831 Executing VM operation: GetOrSetLocal
Event: 787.831 Executing VM operation: GetOrSetLocal done
Event: 787.832 Executing VM operation: GetOrSetLocal
Event: 787.832 Executing VM operation: GetOrSetLocal done


Dynamic libraries:
0x0000000009840000 	/System/Library/Frameworks/Cocoa.framework/Versions/A/Cocoa
0x0000000009840000 	/System/Library/Frameworks/Security.framework/Versions/A/Security
0x0000000009840000 	/System/Library/Frameworks/ApplicationServices.framework/Versions/A/ApplicationServices
0x0000000009840000 	/usr/lib/libz.1.dylib
0x0000000009840000 	/usr/lib/libSystem.B.dylib
0x0000000009840000 	/usr/lib/libobjc.A.dylib
0x0000000009840000 	/System/Library/Frameworks/CoreFoundation.framework/Versions/A/CoreFoundation
0x0000000009840000 	/System/Library/Frameworks/Foundation.framework/Versions/C/Foundation
0x0000000009840000 	/System/Library/Frameworks/AppKit.framework/Versions/C/AppKit
0x0000000009840000 	/System/Library/Frameworks/CoreData.framework/Versions/A/CoreData
0x0000000009840000 	/System/Library/PrivateFrameworks/RemoteViewServices.framework/Versions/A/RemoteViewServices
0x0000000009840000 	/System/Library/PrivateFrameworks/UIFoundation.framework/Versions/A/UIFoundation
0x0000000009840000 	/System/Library/Frameworks/IOSurface.framework/Versions/A/IOSurface
0x0000000009840000 	/System/Library/Frameworks/AudioToolbox.framework/Versions/A/AudioToolbox
0x0000000009840000 	/System/Library/Frameworks/AudioUnit.framework/Versions/A/AudioUnit
0x0000000009840000 	/System/Library/PrivateFrameworks/DataDetectorsCore.framework/Versions/A/DataDetectorsCore
0x0000000009840000 	/System/Library/PrivateFrameworks/DesktopServicesPriv.framework/Versions/A/DesktopServicesPriv
0x0000000009840000 	/System/Library/Frameworks/Carbon.framework/Versions/A/Frameworks/HIToolbox.framework/Versions/A/HIToolbox
0x0000000009840000 	/System/Library/Frameworks/QuartzCore.framework/Versions/A/QuartzCore
0x0000000009840000 	/System/Library/Frameworks/Carbon.framework/Versions/A/Frameworks/SpeechRecognition.framework/Versions/A/SpeechRecognition
0x0000000009840000 	/usr/lib/libauto.dylib
0x0000000009840000 	/usr/lib/libicucore.A.dylib
0x0000000009840000 	/usr/lib/libxml2.2.dylib
0x0000000009840000 	/System/Library/PrivateFrameworks/CoreUI.framework/Versions/A/CoreUI
0x0000000009840000 	/System/Library/Frameworks/CoreAudio.framework/Versions/A/CoreAudio
0x0000000009840000 	/System/Library/Frameworks/DiskArbitration.framework/Versions/A/DiskArbitration
0x0000000009840000 	/usr/lib/liblangid.dylib
0x0000000009840000 	/System/Library/PrivateFrameworks/MultitouchSupport.framework/Versions/A/MultitouchSupport
0x0000000009840000 	/System/Library/Frameworks/IOKit.framework/Versions/A/IOKit
0x0000000009840000 	/usr/lib/libDiagnosticMessagesClient.dylib
0x0000000009840000 	/System/Library/Frameworks/CoreServices.framework/Versions/A/CoreServices
0x0000000009840000 	/System/Library/PrivateFrameworks/PerformanceAnalysis.framework/Versions/A/PerformanceAnalysis
0x0000000009840000 	/System/Library/PrivateFrameworks/GenerationalStorage.framework/Versions/A/GenerationalStorage
0x0000000009840000 	/System/Library/Frameworks/OpenGL.framework/Versions/A/OpenGL
0x0000000009840000 	/System/Library/PrivateFrameworks/Sharing.framework/Versions/A/Sharing
0x0000000009840000 	/System/Library/Frameworks/CoreGraphics.framework/Versions/A/CoreGraphics
0x0000000009840000 	/System/Library/Frameworks/CoreText.framework/Versions/A/CoreText
0x0000000009840000 	/System/Library/Frameworks/ImageIO.framework/Versions/A/ImageIO
0x0000000009840000 	/usr/lib/libextension.dylib
0x0000000009840000 	/System/Library/PrivateFrameworks/Backup.framework/Versions/A/Backup
0x0000000009840000 	/usr/lib/libarchive.2.dylib
0x0000000009840000 	/System/Library/Frameworks/CFNetwork.framework/Versions/A/CFNetwork
0x0000000009840000 	/System/Library/Frameworks/SystemConfiguration.framework/Versions/A/SystemConfiguration
0x0000000009840000 	/usr/lib/libCRFSuite.dylib
0x0000000009840000 	/usr/lib/libc++.1.dylib
0x0000000009840000 	/usr/lib/libc++abi.dylib
0x0000000009840000 	/usr/lib/system/libcache.dylib
0x0000000009840000 	/usr/lib/system/libcommonCrypto.dylib
0x0000000009840000 	/usr/lib/system/libcompiler_rt.dylib
0x0000000009840000 	/usr/lib/system/libcopyfile.dylib
0x0000000009840000 	/usr/lib/system/libcorecrypto.dylib
0x0000000009840000 	/usr/lib/system/libdispatch.dylib
0x0000000009840000 	/usr/lib/system/libdyld.dylib
0x0000000009840000 	/usr/lib/system/libkeymgr.dylib
0x0000000009840000 	/usr/lib/system/liblaunch.dylib
0x0000000009840000 	/usr/lib/system/libmacho.dylib
0x0000000009840000 	/usr/lib/system/libquarantine.dylib
0x0000000009840000 	/usr/lib/system/libremovefile.dylib
0x0000000009840000 	/usr/lib/system/libsystem_asl.dylib
0x0000000009840000 	/usr/lib/system/libsystem_blocks.dylib
0x0000000009840000 	/usr/lib/system/libsystem_c.dylib
0x0000000009840000 	/usr/lib/system/libsystem_configuration.dylib
0x0000000009840000 	/usr/lib/system/libsystem_coreservices.dylib
0x0000000009840000 	/usr/lib/system/libsystem_coretls.dylib
0x0000000009840000 	/usr/lib/system/libsystem_dnssd.dylib
0x0000000009840000 	/usr/lib/system/libsystem_info.dylib
0x0000000009840000 	/usr/lib/system/libsystem_kernel.dylib
0x0000000009840000 	/usr/lib/system/libsystem_m.dylib
0x0000000009840000 	/usr/lib/system/libsystem_malloc.dylib
0x0000000009840000 	/usr/lib/system/libsystem_network.dylib
0x0000000009840000 	/usr/lib/system/libsystem_networkextension.dylib
0x0000000009840000 	/usr/lib/system/libsystem_notify.dylib
0x0000000009840000 	/usr/lib/system/libsystem_platform.dylib
0x0000000009840000 	/usr/lib/system/libsystem_pthread.dylib
0x0000000009840000 	/usr/lib/system/libsystem_sandbox.dylib
0x0000000009840000 	/usr/lib/system/libsystem_secinit.dylib
0x0000000009840000 	/usr/lib/system/libsystem_stats.dylib
0x0000000009840000 	/usr/lib/system/libsystem_trace.dylib
0x0000000009840000 	/usr/lib/system/libunc.dylib
0x0000000009840000 	/usr/lib/system/libunwind.dylib
0x0000000009840000 	/usr/lib/system/libxpc.dylib
0x0000000009840000 	/usr/lib/libbz2.1.0.dylib
0x0000000009840000 	/usr/lib/liblzma.5.dylib
0x0000000009840000 	/usr/lib/libbsm.0.dylib
0x0000000009840000 	/usr/lib/libsqlite3.dylib
0x0000000009840000 	/usr/lib/system/libkxld.dylib
0x0000000009840000 	/usr/lib/libxar.1.dylib
0x0000000009840000 	/usr/lib/libpam.2.dylib
0x0000000009840000 	/usr/lib/libOpenScriptingUtil.dylib
0x0000000009840000 	/System/Library/Frameworks/CoreServices.framework/Versions/A/Frameworks/FSEvents.framework/Versions/A/FSEvents
0x0000000009840000 	/System/Library/Frameworks/CoreServices.framework/Versions/A/Frameworks/CarbonCore.framework/Versions/A/CarbonCore
0x0000000009840000 	/System/Library/Frameworks/CoreServices.framework/Versions/A/Frameworks/Metadata.framework/Versions/A/Metadata
0x0000000009840000 	/System/Library/Frameworks/CoreServices.framework/Versions/A/Frameworks/OSServices.framework/Versions/A/OSServices
0x0000000009840000 	/System/Library/Frameworks/CoreServices.framework/Versions/A/Frameworks/SearchKit.framework/Versions/A/SearchKit
0x0000000009840000 	/System/Library/Frameworks/CoreServices.framework/Versions/A/Frameworks/AE.framework/Versions/A/AE
0x0000000009840000 	/System/Library/Frameworks/CoreServices.framework/Versions/A/Frameworks/LaunchServices.framework/Versions/A/LaunchServices
0x0000000009840000 	/System/Library/Frameworks/CoreServices.framework/Versions/A/Frameworks/DictionaryServices.framework/Versions/A/DictionaryServices
0x0000000009840000 	/System/Library/Frameworks/NetFS.framework/Versions/A/NetFS
0x0000000009840000 	/System/Library/PrivateFrameworks/NetAuth.framework/Versions/A/NetAuth
0x0000000009840000 	/System/Library/PrivateFrameworks/login.framework/Versions/A/Frameworks/loginsupport.framework/Versions/A/loginsupport
0x0000000009840000 	/System/Library/PrivateFrameworks/TCC.framework/Versions/A/TCC
0x0000000009840000 	/usr/lib/libmecabra.dylib
0x0000000009840000 	/System/Library/Frameworks/ApplicationServices.framework/Versions/A/Frameworks/ATS.framework/Versions/A/ATS
0x0000000009840000 	/System/Library/Frameworks/ApplicationServices.framework/Versions/A/Frameworks/ColorSync.framework/Versions/A/ColorSync
0x0000000009840000 	/System/Library/Frameworks/ApplicationServices.framework/Versions/A/Frameworks/HIServices.framework/Versions/A/HIServices
0x0000000009840000 	/System/Library/Frameworks/ApplicationServices.framework/Versions/A/Frameworks/LangAnalysis.framework/Versions/A/LangAnalysis
0x0000000009840000 	/System/Library/Frameworks/ApplicationServices.framework/Versions/A/Frameworks/PrintCore.framework/Versions/A/PrintCore
0x0000000009840000 	/System/Library/Frameworks/ApplicationServices.framework/Versions/A/Frameworks/QD.framework/Versions/A/QD
0x0000000009840000 	/System/Library/Frameworks/ApplicationServices.framework/Versions/A/Frameworks/SpeechSynthesis.framework/Versions/A/SpeechSynthesis
0x0000000009840000 	/System/Library/Frameworks/Accelerate.framework/Versions/A/Accelerate
0x0000000009840000 	/System/Library/Frameworks/Accelerate.framework/Versions/A/Frameworks/vImage.framework/Versions/A/vImage
0x0000000009840000 	/System/Library/Frameworks/Accelerate.framework/Versions/A/Frameworks/vecLib.framework/Versions/A/vecLib
0x0000000009840000 	/System/Library/Frameworks/Accelerate.framework/Versions/A/Frameworks/vecLib.framework/Versions/A/libvDSP.dylib
0x0000000009840000 	/System/Library/Frameworks/Accelerate.framework/Versions/A/Frameworks/vecLib.framework/Versions/A/libvMisc.dylib
0x0000000009840000 	/System/Library/Frameworks/Accelerate.framework/Versions/A/Frameworks/vecLib.framework/Versions/A/libLAPACK.dylib
0x0000000009840000 	/System/Library/Frameworks/Accelerate.framework/Versions/A/Frameworks/vecLib.framework/Versions/A/libBLAS.dylib
0x0000000009840000 	/System/Library/Frameworks/Accelerate.framework/Versions/A/Frameworks/vecLib.framework/Versions/A/libLinearAlgebra.dylib
0x0000000009840000 	/System/Library/Frameworks/ApplicationServices.framework/Versions/A/Frameworks/ATS.framework/Versions/A/Resources/libFontParser.dylib
0x0000000009840000 	/System/Library/Frameworks/ApplicationServices.framework/Versions/A/Frameworks/ATS.framework/Versions/A/Resources/libFontRegistry.dylib
0x0000000009840000 	/System/Library/PrivateFrameworks/AppleVPA.framework/Versions/A/AppleVPA
0x0000000009840000 	/System/Library/PrivateFrameworks/AppleJPEG.framework/Versions/A/AppleJPEG
0x0000000009840000 	/System/Library/Frameworks/ImageIO.framework/Versions/A/Resources/libJPEG.dylib
0x0000000009840000 	/System/Library/Frameworks/ImageIO.framework/Versions/A/Resources/libTIFF.dylib
0x0000000009840000 	/System/Library/Frameworks/ImageIO.framework/Versions/A/Resources/libPng.dylib
0x0000000009840000 	/System/Library/Frameworks/ImageIO.framework/Versions/A/Resources/libGIF.dylib
0x0000000009840000 	/System/Library/Frameworks/ImageIO.framework/Versions/A/Resources/libJP2.dylib
0x0000000009840000 	/System/Library/Frameworks/ImageIO.framework/Versions/A/Resources/libRadiance.dylib
0x0000000009840000 	/System/Library/Frameworks/CoreVideo.framework/Versions/A/CoreVideo
0x0000000009840000 	/System/Library/Frameworks/OpenGL.framework/Versions/A/Libraries/libGLU.dylib
0x0000000009840000 	/System/Library/Frameworks/OpenGL.framework/Versions/A/Libraries/libGFXShared.dylib
0x0000000009840000 	/System/Library/Frameworks/OpenGL.framework/Versions/A/Libraries/libGL.dylib
0x0000000009840000 	/System/Library/Frameworks/OpenGL.framework/Versions/A/Libraries/libGLImage.dylib
0x0000000009840000 	/System/Library/Frameworks/OpenGL.framework/Versions/A/Libraries/libCVMSPluginSupport.dylib
0x0000000009840000 	/System/Library/Frameworks/OpenGL.framework/Versions/A/Libraries/libCoreVMClient.dylib
0x0000000009840000 	/usr/lib/libcups.2.dylib
0x0000000009840000 	/System/Library/Frameworks/Kerberos.framework/Versions/A/Kerberos
0x0000000009840000 	/System/Library/Frameworks/GSS.framework/Versions/A/GSS
0x0000000009840000 	/usr/lib/libresolv.9.dylib
0x0000000009840000 	/usr/lib/libiconv.2.dylib
0x0000000009840000 	/System/Library/PrivateFrameworks/Heimdal.framework/Versions/A/Heimdal
0x0000000009840000 	/usr/lib/libheimdal-asn1.dylib
0x0000000009840000 	/System/Library/Frameworks/OpenDirectory.framework/Versions/A/OpenDirectory
0x0000000009840000 	/System/Library/PrivateFrameworks/CommonAuth.framework/Versions/A/CommonAuth
0x0000000009840000 	/System/Library/Frameworks/OpenDirectory.framework/Versions/A/Frameworks/CFOpenDirectory.framework/Versions/A/CFOpenDirectory
0x0000000009840000 	/System/Library/Frameworks/SecurityFoundation.framework/Versions/A/SecurityFoundation
0x0000000009840000 	/System/Library/PrivateFrameworks/LanguageModeling.framework/Versions/A/LanguageModeling
0x0000000009840000 	/usr/lib/libcmph.dylib
0x0000000009840000 	/System/Library/Frameworks/ServiceManagement.framework/Versions/A/ServiceManagement
0x0000000009840000 	/usr/lib/libxslt.1.dylib
0x0000000009840000 	/System/Library/Frameworks/Carbon.framework/Versions/A/Frameworks/Ink.framework/Versions/A/Ink
0x0000000009840000 	/System/Library/Frameworks/QuartzCore.framework/Versions/A/Frameworks/CoreImage.framework/Versions/A/CoreImage
0x0000000009840000 	/System/Library/PrivateFrameworks/CrashReporterSupport.framework/Versions/A/CrashReporterSupport
0x0000000009840000 	/System/Library/Frameworks/OpenCL.framework/Versions/A/OpenCL
0x0000000009840000 	/System/Library/PrivateFrameworks/FaceCore.framework/Versions/A/FaceCore
0x0000000009840000 	/System/Library/PrivateFrameworks/Ubiquity.framework/Versions/A/Ubiquity
0x0000000009840000 	/System/Library/PrivateFrameworks/IconServices.framework/Versions/A/IconServices
0x0000000009840000 	/System/Library/PrivateFrameworks/ChunkingLibrary.framework/Versions/A/ChunkingLibrary
0x0000000009840000 	/System/Library/PrivateFrameworks/Apple80211.framework/Versions/A/Apple80211
0x0000000009840000 	/System/Library/Frameworks/CoreWLAN.framework/Versions/A/CoreWLAN
0x0000000009840000 	/System/Library/Frameworks/IOBluetooth.framework/Versions/A/IOBluetooth
0x0000000009840000 	/System/Library/PrivateFrameworks/CoreWiFi.framework/Versions/A/CoreWiFi
0x0000000009840000 	/System/Library/Frameworks/CoreBluetooth.framework/Versions/A/CoreBluetooth
0x0000000009840000 	/System/Library/PrivateFrameworks/DebugSymbols.framework/Versions/A/DebugSymbols
0x0000000009840000 	/System/Library/PrivateFrameworks/CoreSymbolication.framework/Versions/A/CoreSymbolication
0x0000000009840000 	/System/Library/PrivateFrameworks/Symbolication.framework/Versions/A/Symbolication
0x0000000009840000 	/System/Library/PrivateFrameworks/SpeechRecognitionCore.framework/Versions/A/SpeechRecognitionCore
0x000000010ce00000 	/Library/Java/JavaVirtualMachines/jdk1.8.0_45.jdk/Contents/Home/jre/lib/server/libjvm.dylib
0x0000000009840000 	/usr/lib/libstdc++.6.dylib
0x000000010bd81000 	/Library/Java/JavaVirtualMachines/jdk1.8.0_45.jdk/Contents/Home/jre/lib/libverify.dylib
0x000000010bd8f000 	/Library/Java/JavaVirtualMachines/jdk1.8.0_45.jdk/Contents/Home/jre/lib/libjava.dylib
0x000000010de6c000 	/Library/Java/JavaVirtualMachines/jdk1.8.0_45.jdk/Contents/Home/jre/lib/libjdwp.dylib
0x000000010bdc5000 	/Library/Java/JavaVirtualMachines/jdk1.8.0_45.jdk/Contents/Home/jre/lib/libnpt.dylib
0x000000010bdd2000 	/Library/Java/JavaVirtualMachines/jdk1.8.0_45.jdk/Contents/Home/jre/lib/libzip.dylib
0x0000000129a6d000 	/System/Library/Frameworks/JavaVM.framework/Frameworks/JavaRuntimeSupport.framework/JavaRuntimeSupport
0x0000000129a85000 	/System/Library/Frameworks/JavaVM.framework/Versions/A/Frameworks/JavaNativeFoundation.framework/Versions/A/JavaNativeFoundation
0x0000000129a9a000 	/System/Library/Frameworks/JavaVM.framework/Versions/A/JavaVM
0x0000000009840000 	/System/Library/Frameworks/Carbon.framework/Versions/A/Carbon
0x0000000129aa7000 	/System/Library/PrivateFrameworks/JavaLaunching.framework/Versions/A/JavaLaunching
0x0000000009840000 	/System/Library/Frameworks/Carbon.framework/Versions/A/Frameworks/CommonPanels.framework/Versions/A/CommonPanels
0x0000000009840000 	/System/Library/Frameworks/Carbon.framework/Versions/A/Frameworks/Help.framework/Versions/A/Help
0x0000000009840000 	/System/Library/Frameworks/Carbon.framework/Versions/A/Frameworks/ImageCapture.framework/Versions/A/ImageCapture
0x0000000009840000 	/System/Library/Frameworks/Carbon.framework/Versions/A/Frameworks/OpenScripting.framework/Versions/A/OpenScripting
0x0000000009840000 	/System/Library/Frameworks/Carbon.framework/Versions/A/Frameworks/Print.framework/Versions/A/Print
0x0000000009840000 	/System/Library/Frameworks/Carbon.framework/Versions/A/Frameworks/SecurityHI.framework/Versions/A/SecurityHI
0x000000012b48e000 	/Library/Java/JavaVirtualMachines/jdk1.8.0_45.jdk/Contents/Home/jre/lib/libdt_socket.dylib

VM Arguments:
jvm_args: -agentlib:jdwp=transport=dt_socket,address=127.0.0.1:54571,suspend=y,server=n -ea -Dfile.encoding=UTF-8 
java_command: com.intellij.rt.execution.junit.JUnitStarter -ideVersion5 com.shapesecurity.shift.integration.IntegrationTest,testFuzzerToCodeGenToParserToValidator
java_class_path (initial): /Applications/IntelliJ IDEA 14 CE.app/Contents/lib/idea_rt.jar:/Applications/IntelliJ IDEA 14 CE.app/Contents/plugins/junit/lib/junit-rt.jar:/Library/Java/JavaVirtualMachines/jdk1.8.0_45.jdk/Contents/Home/lib/ant-javafx.jar:/Library/Java/JavaVirtualMachines/jdk1.8.0_45.jdk/Contents/Home/lib/dt.jar:/Library/Java/JavaVirtualMachines/jdk1.8.0_45.jdk/Contents/Home/lib/javafx-mx.jar:/Library/Java/JavaVirtualMachines/jdk1.8.0_45.jdk/Contents/Home/lib/jconsole.jar:/Library/Java/JavaVirtualMachines/jdk1.8.0_45.jdk/Contents/Home/lib/packager.jar:/Library/Java/JavaVirtualMachines/jdk1.8.0_45.jdk/Contents/Home/lib/sa-jdi.jar:/Library/Java/JavaVirtualMachines/jdk1.8.0_45.jdk/Contents/Home/lib/tools.jar:/Library/Java/JavaVirtualMachines/jdk1.8.0_45.jdk/Contents/Home/jre/lib/charsets.jar:/Library/Java/JavaVirtualMachines/jdk1.8.0_45.jdk/Contents/Home/jre/lib/deploy.jar:/Library/Java/JavaVirtualMachines/jdk1.8.0_45.jdk/Contents/Home/jre/lib/javaws.jar:/Library/Java/JavaVirtualMachines/jdk1.8.0_45.jdk/Contents/Home/jre/lib/jce.jar:/Library/Java/JavaVirtualMachines/jdk1.8.0_45.jdk/Contents/Home/jre/lib/jfr.jar:/Library/Java/JavaVirtualMachines/jdk1.8.0_45.jdk/Contents/Home/jre/lib/jfxswt.jar:/Library/Java/JavaVirtualMachines/jdk1.8.0_45.jdk/Contents/Home/jre/lib/jsse.jar:/Library/Java/JavaVirtualMachines/jdk1.8.0_45.jdk/Contents/Home/jre/lib/management-agent.jar:/Library/Java/JavaVirtualMachines/jdk1.8.0_45.jdk/Contents/Home/jre/lib/plugin.jar:/Library/Java/JavaVirtualMachines/jdk1.8.0_45.jdk/Contents/Home/jre/lib/resources.jar:/Library/Java/JavaVirtualMachines/jdk1.8.0_45.jdk/Contents/Home/jre/lib/rt.jar:/Library/Java/JavaVirtualMachines/jdk1.8.0_45.jdk/Contents/Home/jre/lib/ext/cldrdata.jar:/Library/Java/JavaVirtualMachines/jdk1.8.0_45.jdk/Contents/Home/jre/lib/ext/dnsns.jar:/Library/Java/JavaVirtualMachines/jdk1.8.0_45.jdk/Contents/Home/jre/lib/ext/jfxrt.jar:/Library/Java/JavaVirtualMachines/jdk1.8.0_45.jdk/Contents/Home/jre/lib/ext/localedata.jar:/Li
Launcher Type: SUN_STANDARD

Environment Variables:
PATH=/Users/u478/.nvm/versions/node/v0.12.4/bin:/Users/u478/uls/bin:/usr/local/opt/coreutils/libexec/gnubin:/usr/local/bin:/usr/bin:/bin:/usr/sbin:/sbin
SHELL=/bin/bash

Signal Handlers:
SIGSEGV: [libjvm.dylib+0x58ef95], sa_mask[0]=11111111011111110111111111111111, sa_flags=SA_ONSTACK|SA_RESTART|SA_SIGINFO
SIGBUS: [libjvm.dylib+0x58ef95], sa_mask[0]=11111111011111110111111111111111, sa_flags=SA_RESTART|SA_SIGINFO
SIGFPE: [libjvm.dylib+0x46c108], sa_mask[0]=11111111011111110111111111111111, sa_flags=SA_RESTART|SA_SIGINFO
SIGPIPE: [libjvm.dylib+0x46c108], sa_mask[0]=11111111011111110111111111111111, sa_flags=SA_RESTART|SA_SIGINFO
SIGXFSZ: [libjvm.dylib+0x46c108], sa_mask[0]=11111111011111110111111111111111, sa_flags=SA_RESTART|SA_SIGINFO
SIGILL: [libjvm.dylib+0x46c108], sa_mask[0]=11111111011111110111111111111111, sa_flags=SA_RESTART|SA_SIGINFO
SIGUSR1: SIG_DFL, sa_mask[0]=00000000000000000000000000000000, sa_flags=none
SIGUSR2: [libjvm.dylib+0x46bc26], sa_mask[0]=00100000000000000000000000000000, sa_flags=SA_RESTART|SA_SIGINFO
SIGHUP: [libjvm.dylib+0x46a1f9], sa_mask[0]=11111111011111110111111111111111, sa_flags=SA_RESTART|SA_SIGINFO
SIGINT: [libjvm.dylib+0x46a1f9], sa_mask[0]=11111111011111110111111111111111, sa_flags=SA_RESTART|SA_SIGINFO
SIGTERM: [libjvm.dylib+0x46a1f9], sa_mask[0]=11111111011111110111111111111111, sa_flags=SA_RESTART|SA_SIGINFO
SIGQUIT: [libjvm.dylib+0x46a1f9], sa_mask[0]=11111111011111110111111111111111, sa_flags=SA_RESTART|SA_SIGINFO


---------------  S Y S T E M  ---------------

OS:Bsduname:Darwin 14.4.0 Darwin Kernel Version 14.4.0: Thu May 28 11:35:04 PDT 2015; root:xnu-2782.30.5~1/RELEASE_X86_64 x86_64
rlimit: STACK 8192k, CORE 0k, NPROC 709, NOFILE 10240, AS infinity
load average:4.24 3.64 3.60

CPU:total 8 (4 cores per cpu, 2 threads per core) family 6 model 58 stepping 9, cmov, cx8, fxsr, mmx, sse, sse2, sse3, ssse3, sse4.1, sse4.2, popcnt, avx, aes, clmul, erms, ht, tsc, tscinvbit, tscinv

Memory: 4k page, physical 16777216k(2267996k free)

/proc/meminfo:


vm_info: Java HotSpot(TM) 64-Bit Server VM (25.45-b02) for bsd-amd64 JRE (1.8.0_45-b14), built on Apr 10 2015 10:46:38 by "java_re" with gcc 4.2.1 (Based on Apple Inc. build 5658) (LLVM build 2336.11.00)

time: Tue Aug  4 13:37:24 2015
elapsed time: 1320 seconds (0d 0h 22m 0s)

