#
# A fatal error has been detected by the Java Runtime Environment:
#
#  SIGSEGV (0xb) at pc=0x0000000102e32d10, pid=14161, tid=18691
#
# JRE version: Java(TM) SE Runtime Environment (8.0_45-b14) (build 1.8.0_45-b14)
# Java VM: Java HotSpot(TM) 64-Bit Server VM (25.45-b02 mixed mode bsd-amd64 compressed oops)
# Problematic frame:
# V  [libjvm.dylib+0x432d10]
#
# Failed to write core dump. Core dumps have been disabled. To enable core dumping, try "ulimit -c unlimited" before starting Java again
#
# If you would like to submit a bug report, please visit:
#   http://bugreport.java.com/bugreport/crash.jsp
#

---------------  T H R E A D  ---------------

Current thread (0x00007fc53502a000):  JavaThread "JDWP Transport Listener: dt_socket" daemon [_thread_in_vm, id=18691, stack(0x0000000120fdf000,0x00000001210df000)]

siginfo: si_signo: 11 (SIGSEGV), si_code: 0 (unknown), si_addr: 0x0000000000000000

Registers:
RAX=0x0000000000000001, RBX=0x00000001210dea8b, RCX=0x00000001031fa190, RDX=0x00000001210dea8b
RSP=0x00000001210de9d0, RBP=0x00000001210de9e0, RSI=0x00007fc53502a000, RDI=0x7473694c2f6c6974
R8 =0x0000000000000000, R9 =0x00007fc533f00000, R10=0x0000000000000010, R11=0x00007fc533f00000
R12=0x00007fc53502a000, R13=0x7473694c2f6c6974, R14=0x7473694c2f6c6974, R15=0x00007fc533f00220
RIP=0x0000000102e32d10, EFLAGS=0x0000000000010206, ERR=0x0000000000000000
  TRAPNO=0x000000000000000d

Top of Stack: (sp=0x00000001210de9d0)
0x00000001210de9d0:   00000001210dea8b 00000001210dea8b
0x00000001210de9e0:   00000001210dea40 0000000102d430d6
0x00000001210de9f0:   00007fc53502a000 0000000000000000
0x00000001210dea00:   0000000000000000 0000000000000000
0x00000001210dea10:   00007fc53502a000 00007fc53502a000
0x00000001210dea20:   00000001210dea8b 00000001210dea90
0x00000001210dea30:   7473694c2f6c6974 0000000000000081
0x00000001210dea40:   00000001210dea60 00000001039be780
0x00000001210dea50:   0000000000000001 00000001210deb08
0x00000001210dea60:   00000001210dead0 00000001039a31f3
0x00000001210dea70:   00000001210deaa0 00007fc5350d9000
0x00000001210dea80:   0000008200000032 00000008000deb08
0x00000001210dea90:   0000000000000000 0000000000000000
0x00000001210deaa0:   0000000000000000 00000001210dec90
0x00000001210deab0:   00000001039c5e7a 00007fc533f0c590
0x00000001210deac0:   00000001210deb08 00000001039d1598
0x00000001210dead0:   00000001210deae0 00000001039a32ec
0x00000001210deae0:   00000001210ded00 00000001039ac898
0x00000001210deaf0:   0004a7e200000013 00000000000f0200
0x00000001210deb00:   00007fc533f0dab0 00007fc5350dd69e
0x00000001210deb10:   00007fc5000004e2 00007fc533f36550
0x00000001210deb20:   00007fc50000012c 00000001210deb58
0x00000001210deb30:   00007fc533f35710 00007f0000000000
0x00000001210deb40:   0004a7e20000000f 00007fff0000bf80
0x00000001210deb50:   00000001210deb58 c57f000082000000
0x00000001210deb60:   06000000d835f333 00003e74696e693c
0x00000001210deb70:   0000005629280300 7f00000100000000
0x00000001210deb80:   000000e835f333c5 0000796172726105
0x00000001210deb90:   76616a4c5b282800 4f2f676e616c2f61
0x00000001210deba0:   5b293b7463656a62 616c2f6176616a4c
0x00000001210debb0:   63656a624f2f676e 543c200000003b74
0x00000001210debc0:   6c2f6176616a4c3a 656a624f2f676e61 

Instructions: (pc=0x0000000102e32d10)
0x0000000102e32cf0:   40 48 48 85 c0 75 e0 30 c0 0f b6 c0 5d c3 31 c0
0x0000000102e32d00:   5d c3 55 48 89 e5 53 48 83 ec 08 48 85 ff 74 24
0x0000000102e32d10:   48 8b 1f 48 85 db 74 1c 48 83 fb 37 74 16 48 8b
0x0000000102e32d20:   03 48 89 df ff 50 10 84 c0 b8 00 00 00 00 48 0f 

Register to memory mapping:

RAX=0x0000000000000001 is an unknown value
RBX=0x00000001210dea8b is pointing into the stack for thread: 0x00007fc53502a000
RCX=0x00000001031fa190: UseMembar+0 in /Library/Java/JavaVirtualMachines/jdk1.8.0_45.jdk/Contents/Home/jre/lib/server/libjvm.dylib at 0x0000000102a00000
RDX=0x00000001210dea8b is pointing into the stack for thread: 0x00007fc53502a000
RSP=0x00000001210de9d0 is pointing into the stack for thread: 0x00007fc53502a000
RBP=0x00000001210de9e0 is pointing into the stack for thread: 0x00007fc53502a000
RSI=0x00007fc53502a000 is a thread
RDI=0x7473694c2f6c6974 is an unknown value
R8 =0x0000000000000000 is an unknown value
R9 =0x00007fc533f00000 is an unknown value
R10=0x0000000000000010 is an unknown value
R11=0x00007fc533f00000 is an unknown value
R12=0x00007fc53502a000 is a thread
R13=0x7473694c2f6c6974 is an unknown value
R14=0x7473694c2f6c6974 is an unknown value
R15=0x00007fc533f00220 is an unknown value


Stack: [0x0000000120fdf000,0x00000001210df000],  sp=0x00000001210de9d0,  free space=1022k
Native frames: (J=compiled Java code, j=interpreted, Vv=VM code, C=native code)
V  [libjvm.dylib+0x432d10]
V  [libjvm.dylib+0x3430d6]
C  [libjdwp.dylib+0x20780]  isMethodSynthetic+0x63
C  [libjdwp.dylib+0x51f3]  methods1+0x10b
C  [libjdwp.dylib+0x52ec]  methodsWithGeneric+0xe
C  [libjdwp.dylib+0xe898]  debugLoop_run+0x1ce
C  [libjdwp.dylib+0x1f6ba]  attachThread+0x4d
V  [libjvm.dylib+0x38401c]
V  [libjvm.dylib+0x549acf]
V  [libjvm.dylib+0x54b1c0]
V  [libjvm.dylib+0x46ea7e]
C  [libsystem_pthread.dylib+0x3268]  _pthread_body+0x83
C  [libsystem_pthread.dylib+0x31e5]  _pthread_body+0x0
C  [libsystem_pthread.dylib+0x141d]  thread_start+0xd
C  0x0000000000000000


---------------  P R O C E S S  ---------------

Java Threads: ( => current thread )
  0x00007fc537051000 JavaThread "Service Thread" daemon [_thread_blocked, id=22275, stack(0x00000001216f4000,0x00000001217f4000)]
  0x00007fc536008000 JavaThread "C1 CompilerThread3" daemon [_thread_blocked, id=21763, stack(0x00000001215f1000,0x00000001216f1000)]
  0x00007fc536013000 JavaThread "C2 CompilerThread2" daemon [_thread_blocked, id=21251, stack(0x00000001214ee000,0x00000001215ee000)]
  0x00007fc538002000 JavaThread "C2 CompilerThread1" daemon [_thread_blocked, id=20739, stack(0x00000001213eb000,0x00000001214eb000)]
  0x00007fc538000000 JavaThread "C2 CompilerThread0" daemon [_thread_blocked, id=20227, stack(0x00000001212e8000,0x00000001213e8000)]
  0x00007fc53480c000 JavaThread "JDWP Command Reader" daemon [_thread_in_native, id=19715, stack(0x00000001211e5000,0x00000001212e5000)]
  0x00007fc537050800 JavaThread "JDWP Event Helper Thread" daemon [_thread_blocked, id=19203, stack(0x00000001210e2000,0x00000001211e2000)]
=>0x00007fc53502a000 JavaThread "JDWP Transport Listener: dt_socket" daemon [_thread_in_vm, id=18691, stack(0x0000000120fdf000,0x00000001210df000)]
  0x00007fc53704f800 JavaThread "Signal Dispatcher" daemon [_thread_blocked, id=15375, stack(0x0000000120ed5000,0x0000000120fd5000)]
  0x00007fc537031800 JavaThread "Finalizer" daemon [_thread_blocked, id=13571, stack(0x000000011f4bd000,0x000000011f5bd000)]
  0x00007fc537030800 JavaThread "Reference Handler" daemon [_thread_blocked, id=13059, stack(0x000000011f3ba000,0x000000011f4ba000)]
  0x00007fc534805800 JavaThread "main" [_thread_blocked, id=4867, stack(0x00000001018cb000,0x00000001019cb000)]

Other Threads:
  0x00007fc537030000 VMThread [stack: 0x000000011f2b7000,0x000000011f3b7000] [id=12547]
  0x00007fc53685b800 WatcherThread [stack: 0x00000001217f7000,0x00000001218f7000] [id=22787]

VM state:not at safepoint (normal execution)

VM Mutex/Monitor currently owned by a thread: None

Heap:
 PSYoungGen      total 76288K, used 17112K [0x000000076ab00000, 0x0000000770000000, 0x00000007c0000000)
  eden space 65536K, 26% used [0x000000076ab00000,0x000000076bbb6320,0x000000076eb00000)
  from space 10752K, 0% used [0x000000076f580000,0x000000076f580000,0x0000000770000000)
  to   space 10752K, 0% used [0x000000076eb00000,0x000000076eb00000,0x000000076f580000)
 ParOldGen       total 175104K, used 0K [0x00000006c0000000, 0x00000006cab00000, 0x000000076ab00000)
  object space 175104K, 0% used [0x00000006c0000000,0x00000006c0000000,0x00000006cab00000)
 Metaspace       used 6525K, capacity 6764K, committed 7040K, reserved 1056768K
  class space    used 733K, capacity 844K, committed 896K, reserved 1048576K

Card table byte_map: [0x0000000112da9000,0x00000001135aa000] byte_map_base: 0x000000010f7a9000

Marking Bits: (ParMarkBitMap*) 0x00000001032c27a0
 Begin Bits: [0x0000000114318000, 0x0000000118318000)
 End Bits:   [0x0000000118318000, 0x000000011c318000)

Polling page: 0x00000001019db000

CodeCache: size=245760Kb used=1760Kb max_used=1760Kb free=243999Kb
 bounds [0x00000001039e9000, 0x0000000103c59000, 0x00000001129e9000]
 total_blobs=582 nmethods=307 adapters=197
 compilation: enabled

Compilation events (10 events):
Event: 0.275 Thread 0x00007fc538000000 nmethod 254 0x0000000103b91950 code [0x0000000103b91aa0, 0x0000000103b91d18]
Event: 0.275 Thread 0x00007fc538000000  255   !   4       sun.misc.URLClassPath$JarLoader::getResource (85 bytes)
Event: 0.275 Thread 0x00007fc536008000 nmethod 253 0x0000000103b8a010 code [0x0000000103b8a560, 0x0000000103b8f2f8]
Event: 0.275 Thread 0x00007fc536008000  252       3       java.net.URL::<init> (8 bytes)
Event: 0.275 Thread 0x00007fc536008000 nmethod 252 0x0000000103b83150 code [0x0000000103b832c0, 0x0000000103b83488]
Event: 0.275 Thread 0x00007fc536008000  256       3       java.io.UnixFileSystem::resolve (103 bytes)
Event: 0.277 Thread 0x00007fc536008000 nmethod 256 0x0000000103b87590 code [0x0000000103b878c0, 0x0000000103b893d8]
Event: 0.290 Thread 0x00007fc538002000 nmethod 245 0x0000000103b95f10 code [0x0000000103b961a0, 0x0000000103b97530]
Event: 0.292 Thread 0x00007fc536013000 nmethod 247 0x0000000103b9af90 code [0x0000000103b9b220, 0x0000000103b9c610]
Event: 0.316 Thread 0x00007fc538000000 nmethod 255 0x0000000103b9db50 code [0x0000000103b9de60, 0x0000000103b9f6b8]

GC Heap History (0 events):
No events

Deoptimization events (1 events):
Event: 0.143 Thread 0x00007fc534805800 Uncommon trap: reason=unstable_if action=reinterpret pc=0x0000000103b0ed4c method=java.lang.String.hashCode()I @ 14

Internal exceptions (10 events):
Event: 0.139 Thread 0x00007fc534805800 Exception <a 'java/security/PrivilegedActionException'> (0x000000076abfe398) thrown at [/Users/java_re/workspace/8-2-build-macosx-x86_64/jdk8u45/3457/hotspot/src/share/vm/prims/jvm.cpp, line 1382]
Event: 0.139 Thread 0x00007fc534805800 Exception <a 'java/security/PrivilegedActionException'> (0x000000076abfe550) thrown at [/Users/java_re/workspace/8-2-build-macosx-x86_64/jdk8u45/3457/hotspot/src/share/vm/prims/jvm.cpp, line 1382]
Event: 0.168 Thread 0x00007fc534805800 Exception <a 'java/io/FileNotFoundException'> (0x000000076b0a4768) thrown at [/Users/java_re/workspace/8-2-build-macosx-x86_64/jdk8u45/3457/hotspot/src/share/vm/prims/jni.cpp, line 709]
Event: 0.180 Thread 0x00007fc534805800 Exception <a 'java/security/PrivilegedActionException'> (0x000000076b104ca8) thrown at [/Users/java_re/workspace/8-2-build-macosx-x86_64/jdk8u45/3457/hotspot/src/share/vm/prims/jvm.cpp, line 1382]
Event: 0.180 Thread 0x00007fc534805800 Exception <a 'java/security/PrivilegedActionException'> (0x000000076b104e60) thrown at [/Users/java_re/workspace/8-2-build-macosx-x86_64/jdk8u45/3457/hotspot/src/share/vm/prims/jvm.cpp, line 1382]
Event: 0.180 Thread 0x00007fc534805800 Exception <a 'java/security/PrivilegedActionException'> (0x000000076b108050) thrown at [/Users/java_re/workspace/8-2-build-macosx-x86_64/jdk8u45/3457/hotspot/src/share/vm/prims/jvm.cpp, line 1382]
Event: 0.180 Thread 0x00007fc534805800 Exception <a 'java/security/PrivilegedActionException'> (0x000000076b108208) thrown at [/Users/java_re/workspace/8-2-build-macosx-x86_64/jdk8u45/3457/hotspot/src/share/vm/prims/jvm.cpp, line 1382]
Event: 9.121 Thread 0x00007fc534805800 Exception <a 'java/lang/NoSuchFieldError': method resolution failed> (0x000000076b62e560) thrown at [/Users/java_re/workspace/8-2-build-macosx-x86_64/jdk8u45/3457/hotspot/src/share/vm/prims/methodHandles.cpp, line 1125]
Event: 9.155 Thread 0x00007fc534805800 Exception <a 'java/lang/NoSuchFieldError': method resolution failed> (0x000000076b63cef0) thrown at [/Users/java_re/workspace/8-2-build-macosx-x86_64/jdk8u45/3457/hotspot/src/share/vm/prims/methodHandles.cpp, line 1125]
Event: 186.212 Thread 0x00007fc534805800 Exception <a 'java/lang/reflect/InvocationTargetException'> (0x000000076bac4648) thrown at [/Users/java_re/workspace/8-2-build-macosx-x86_64/jdk8u45/3457/hotspot/src/share/vm/runtime/reflection.cpp, line 1080]

Events (10 events):
Event: 4877.389 Executing VM operation: GetOrSetLocal
Event: 4877.389 Executing VM operation: GetOrSetLocal done
Event: 4877.391 Executing VM operation: GetOrSetLocal
Event: 4877.391 Executing VM operation: GetOrSetLocal done
Event: 4877.393 Executing VM operation: GetOrSetLocal
Event: 4877.393 Executing VM operation: GetOrSetLocal done
Event: 4877.438 Executing VM operation: GetOrSetLocal
Event: 4877.438 Executing VM operation: GetOrSetLocal done
Event: 4877.440 Executing VM operation: ForceSafepoint
Event: 4877.440 Executing VM operation: ForceSafepoint done


Dynamic libraries:
0x0000000009840000 	/System/Library/Frameworks/Cocoa.framework/Versions/A/Cocoa
0x0000000009840000 	/System/Library/Frameworks/Security.framework/Versions/A/Security
0x0000000009840000 	/System/Library/Frameworks/ApplicationServices.framework/Versions/A/ApplicationServices
0x0000000009840000 	/usr/lib/libz.1.dylib
0x0000000009840000 	/usr/lib/libSystem.B.dylib
0x0000000009840000 	/usr/lib/libobjc.A.dylib
0x0000000009840000 	/System/Library/Frameworks/CoreFoundation.framework/Versions/A/CoreFoundation
0x0000000009840000 	/System/Library/Frameworks/Foundation.framework/Versions/C/Foundation
0x0000000009840000 	/System/Library/Frameworks/AppKit.framework/Versions/C/AppKit
0x0000000009840000 	/System/Library/Frameworks/CoreData.framework/Versions/A/CoreData
0x0000000009840000 	/System/Library/PrivateFrameworks/RemoteViewServices.framework/Versions/A/RemoteViewServices
0x0000000009840000 	/System/Library/PrivateFrameworks/UIFoundation.framework/Versions/A/UIFoundation
0x0000000009840000 	/System/Library/Frameworks/IOSurface.framework/Versions/A/IOSurface
0x0000000009840000 	/System/Library/Frameworks/AudioToolbox.framework/Versions/A/AudioToolbox
0x0000000009840000 	/System/Library/Frameworks/AudioUnit.framework/Versions/A/AudioUnit
0x0000000009840000 	/System/Library/PrivateFrameworks/DataDetectorsCore.framework/Versions/A/DataDetectorsCore
0x0000000009840000 	/System/Library/PrivateFrameworks/DesktopServicesPriv.framework/Versions/A/DesktopServicesPriv
0x0000000009840000 	/System/Library/Frameworks/Carbon.framework/Versions/A/Frameworks/HIToolbox.framework/Versions/A/HIToolbox
0x0000000009840000 	/System/Library/Frameworks/QuartzCore.framework/Versions/A/QuartzCore
0x0000000009840000 	/System/Library/Frameworks/Carbon.framework/Versions/A/Frameworks/SpeechRecognition.framework/Versions/A/SpeechRecognition
0x0000000009840000 	/usr/lib/libauto.dylib
0x0000000009840000 	/usr/lib/libicucore.A.dylib
0x0000000009840000 	/usr/lib/libxml2.2.dylib
0x0000000009840000 	/System/Library/PrivateFrameworks/CoreUI.framework/Versions/A/CoreUI
0x0000000009840000 	/System/Library/Frameworks/CoreAudio.framework/Versions/A/CoreAudio
0x0000000009840000 	/System/Library/Frameworks/DiskArbitration.framework/Versions/A/DiskArbitration
0x0000000009840000 	/usr/lib/liblangid.dylib
0x0000000009840000 	/System/Library/PrivateFrameworks/MultitouchSupport.framework/Versions/A/MultitouchSupport
0x0000000009840000 	/System/Library/Frameworks/IOKit.framework/Versions/A/IOKit
0x0000000009840000 	/usr/lib/libDiagnosticMessagesClient.dylib
0x0000000009840000 	/System/Library/Frameworks/CoreServices.framework/Versions/A/CoreServices
0x0000000009840000 	/System/Library/PrivateFrameworks/PerformanceAnalysis.framework/Versions/A/PerformanceAnalysis
0x0000000009840000 	/System/Library/PrivateFrameworks/GenerationalStorage.framework/Versions/A/GenerationalStorage
0x0000000009840000 	/System/Library/Frameworks/OpenGL.framework/Versions/A/OpenGL
0x0000000009840000 	/System/Library/PrivateFrameworks/Sharing.framework/Versions/A/Sharing
0x0000000009840000 	/System/Library/Frameworks/CoreGraphics.framework/Versions/A/CoreGraphics
0x0000000009840000 	/System/Library/Frameworks/CoreText.framework/Versions/A/CoreText
0x0000000009840000 	/System/Library/Frameworks/ImageIO.framework/Versions/A/ImageIO
0x0000000009840000 	/usr/lib/libextension.dylib
0x0000000009840000 	/System/Library/PrivateFrameworks/Backup.framework/Versions/A/Backup
0x0000000009840000 	/usr/lib/libarchive.2.dylib
0x0000000009840000 	/System/Library/Frameworks/CFNetwork.framework/Versions/A/CFNetwork
0x0000000009840000 	/System/Library/Frameworks/SystemConfiguration.framework/Versions/A/SystemConfiguration
0x0000000009840000 	/usr/lib/libCRFSuite.dylib
0x0000000009840000 	/usr/lib/libc++.1.dylib
0x0000000009840000 	/usr/lib/libc++abi.dylib
0x0000000009840000 	/usr/lib/system/libcache.dylib
0x0000000009840000 	/usr/lib/system/libcommonCrypto.dylib
0x0000000009840000 	/usr/lib/system/libcompiler_rt.dylib
0x0000000009840000 	/usr/lib/system/libcopyfile.dylib
0x0000000009840000 	/usr/lib/system/libcorecrypto.dylib
0x0000000009840000 	/usr/lib/system/libdispatch.dylib
0x0000000009840000 	/usr/lib/system/libdyld.dylib
0x0000000009840000 	/usr/lib/system/libkeymgr.dylib
0x0000000009840000 	/usr/lib/system/liblaunch.dylib
0x0000000009840000 	/usr/lib/system/libmacho.dylib
0x0000000009840000 	/usr/lib/system/libquarantine.dylib
0x0000000009840000 	/usr/lib/system/libremovefile.dylib
0x0000000009840000 	/usr/lib/system/libsystem_asl.dylib
0x0000000009840000 	/usr/lib/system/libsystem_blocks.dylib
0x0000000009840000 	/usr/lib/system/libsystem_c.dylib
0x0000000009840000 	/usr/lib/system/libsystem_configuration.dylib
0x0000000009840000 	/usr/lib/system/libsystem_coreservices.dylib
0x0000000009840000 	/usr/lib/system/libsystem_coretls.dylib
0x0000000009840000 	/usr/lib/system/libsystem_dnssd.dylib
0x0000000009840000 	/usr/lib/system/libsystem_info.dylib
0x0000000009840000 	/usr/lib/system/libsystem_kernel.dylib
0x0000000009840000 	/usr/lib/system/libsystem_m.dylib
0x0000000009840000 	/usr/lib/system/libsystem_malloc.dylib
0x0000000009840000 	/usr/lib/system/libsystem_network.dylib
0x0000000009840000 	/usr/lib/system/libsystem_networkextension.dylib
0x0000000009840000 	/usr/lib/system/libsystem_notify.dylib
0x0000000009840000 	/usr/lib/system/libsystem_platform.dylib
0x0000000009840000 	/usr/lib/system/libsystem_pthread.dylib
0x0000000009840000 	/usr/lib/system/libsystem_sandbox.dylib
0x0000000009840000 	/usr/lib/system/libsystem_secinit.dylib
0x0000000009840000 	/usr/lib/system/libsystem_stats.dylib
0x0000000009840000 	/usr/lib/system/libsystem_trace.dylib
0x0000000009840000 	/usr/lib/system/libunc.dylib
0x0000000009840000 	/usr/lib/system/libunwind.dylib
0x0000000009840000 	/usr/lib/system/libxpc.dylib
0x0000000009840000 	/usr/lib/libbz2.1.0.dylib
0x0000000009840000 	/usr/lib/liblzma.5.dylib
0x0000000009840000 	/usr/lib/libbsm.0.dylib
0x0000000009840000 	/usr/lib/libsqlite3.dylib
0x0000000009840000 	/usr/lib/system/libkxld.dylib
0x0000000009840000 	/usr/lib/libxar.1.dylib
0x0000000009840000 	/usr/lib/libpam.2.dylib
0x0000000009840000 	/usr/lib/libOpenScriptingUtil.dylib
0x0000000009840000 	/System/Library/Frameworks/CoreServices.framework/Versions/A/Frameworks/FSEvents.framework/Versions/A/FSEvents
0x0000000009840000 	/System/Library/Frameworks/CoreServices.framework/Versions/A/Frameworks/CarbonCore.framework/Versions/A/CarbonCore
0x0000000009840000 	/System/Library/Frameworks/CoreServices.framework/Versions/A/Frameworks/Metadata.framework/Versions/A/Metadata
0x0000000009840000 	/System/Library/Frameworks/CoreServices.framework/Versions/A/Frameworks/OSServices.framework/Versions/A/OSServices
0x0000000009840000 	/System/Library/Frameworks/CoreServices.framework/Versions/A/Frameworks/SearchKit.framework/Versions/A/SearchKit
0x0000000009840000 	/System/Library/Frameworks/CoreServices.framework/Versions/A/Frameworks/AE.framework/Versions/A/AE
0x0000000009840000 	/System/Library/Frameworks/CoreServices.framework/Versions/A/Frameworks/LaunchServices.framework/Versions/A/LaunchServices
0x0000000009840000 	/System/Library/Frameworks/CoreServices.framework/Versions/A/Frameworks/DictionaryServices.framework/Versions/A/DictionaryServices
0x0000000009840000 	/System/Library/Frameworks/NetFS.framework/Versions/A/NetFS
0x0000000009840000 	/System/Library/PrivateFrameworks/NetAuth.framework/Versions/A/NetAuth
0x0000000009840000 	/System/Library/PrivateFrameworks/login.framework/Versions/A/Frameworks/loginsupport.framework/Versions/A/loginsupport
0x0000000009840000 	/System/Library/PrivateFrameworks/TCC.framework/Versions/A/TCC
0x0000000009840000 	/usr/lib/libmecabra.dylib
0x0000000009840000 	/System/Library/Frameworks/ApplicationServices.framework/Versions/A/Frameworks/ATS.framework/Versions/A/ATS
0x0000000009840000 	/System/Library/Frameworks/ApplicationServices.framework/Versions/A/Frameworks/ColorSync.framework/Versions/A/ColorSync
0x0000000009840000 	/System/Library/Frameworks/ApplicationServices.framework/Versions/A/Frameworks/HIServices.framework/Versions/A/HIServices
0x0000000009840000 	/System/Library/Frameworks/ApplicationServices.framework/Versions/A/Frameworks/LangAnalysis.framework/Versions/A/LangAnalysis
0x0000000009840000 	/System/Library/Frameworks/ApplicationServices.framework/Versions/A/Frameworks/PrintCore.framework/Versions/A/PrintCore
0x0000000009840000 	/System/Library/Frameworks/ApplicationServices.framework/Versions/A/Frameworks/QD.framework/Versions/A/QD
0x0000000009840000 	/System/Library/Frameworks/ApplicationServices.framework/Versions/A/Frameworks/SpeechSynthesis.framework/Versions/A/SpeechSynthesis
0x0000000009840000 	/System/Library/Frameworks/Accelerate.framework/Versions/A/Accelerate
0x0000000009840000 	/System/Library/Frameworks/Accelerate.framework/Versions/A/Frameworks/vImage.framework/Versions/A/vImage
0x0000000009840000 	/System/Library/Frameworks/Accelerate.framework/Versions/A/Frameworks/vecLib.framework/Versions/A/vecLib
0x0000000009840000 	/System/Library/Frameworks/Accelerate.framework/Versions/A/Frameworks/vecLib.framework/Versions/A/libvDSP.dylib
0x0000000009840000 	/System/Library/Frameworks/Accelerate.framework/Versions/A/Frameworks/vecLib.framework/Versions/A/libvMisc.dylib
0x0000000009840000 	/System/Library/Frameworks/Accelerate.framework/Versions/A/Frameworks/vecLib.framework/Versions/A/libLAPACK.dylib
0x0000000009840000 	/System/Library/Frameworks/Accelerate.framework/Versions/A/Frameworks/vecLib.framework/Versions/A/libBLAS.dylib
0x0000000009840000 	/System/Library/Frameworks/Accelerate.framework/Versions/A/Frameworks/vecLib.framework/Versions/A/libLinearAlgebra.dylib
0x0000000009840000 	/System/Library/Frameworks/ApplicationServices.framework/Versions/A/Frameworks/ATS.framework/Versions/A/Resources/libFontParser.dylib
0x0000000009840000 	/System/Library/Frameworks/ApplicationServices.framework/Versions/A/Frameworks/ATS.framework/Versions/A/Resources/libFontRegistry.dylib
0x0000000009840000 	/System/Library/PrivateFrameworks/AppleVPA.framework/Versions/A/AppleVPA
0x0000000009840000 	/System/Library/PrivateFrameworks/AppleJPEG.framework/Versions/A/AppleJPEG
0x0000000009840000 	/System/Library/Frameworks/ImageIO.framework/Versions/A/Resources/libJPEG.dylib
0x0000000009840000 	/System/Library/Frameworks/ImageIO.framework/Versions/A/Resources/libTIFF.dylib
0x0000000009840000 	/System/Library/Frameworks/ImageIO.framework/Versions/A/Resources/libPng.dylib
0x0000000009840000 	/System/Library/Frameworks/ImageIO.framework/Versions/A/Resources/libGIF.dylib
0x0000000009840000 	/System/Library/Frameworks/ImageIO.framework/Versions/A/Resources/libJP2.dylib
0x0000000009840000 	/System/Library/Frameworks/ImageIO.framework/Versions/A/Resources/libRadiance.dylib
0x0000000009840000 	/System/Library/Frameworks/CoreVideo.framework/Versions/A/CoreVideo
0x0000000009840000 	/System/Library/Frameworks/OpenGL.framework/Versions/A/Libraries/libGLU.dylib
0x0000000009840000 	/System/Library/Frameworks/OpenGL.framework/Versions/A/Libraries/libGFXShared.dylib
0x0000000009840000 	/System/Library/Frameworks/OpenGL.framework/Versions/A/Libraries/libGL.dylib
0x0000000009840000 	/System/Library/Frameworks/OpenGL.framework/Versions/A/Libraries/libGLImage.dylib
0x0000000009840000 	/System/Library/Frameworks/OpenGL.framework/Versions/A/Libraries/libCVMSPluginSupport.dylib
0x0000000009840000 	/System/Library/Frameworks/OpenGL.framework/Versions/A/Libraries/libCoreVMClient.dylib
0x0000000009840000 	/usr/lib/libcups.2.dylib
0x0000000009840000 	/System/Library/Frameworks/Kerberos.framework/Versions/A/Kerberos
0x0000000009840000 	/System/Library/Frameworks/GSS.framework/Versions/A/GSS
0x0000000009840000 	/usr/lib/libresolv.9.dylib
0x0000000009840000 	/usr/lib/libiconv.2.dylib
0x0000000009840000 	/System/Library/PrivateFrameworks/Heimdal.framework/Versions/A/Heimdal
0x0000000009840000 	/usr/lib/libheimdal-asn1.dylib
0x0000000009840000 	/System/Library/Frameworks/OpenDirectory.framework/Versions/A/OpenDirectory
0x0000000009840000 	/System/Library/PrivateFrameworks/CommonAuth.framework/Versions/A/CommonAuth
0x0000000009840000 	/System/Library/Frameworks/OpenDirectory.framework/Versions/A/Frameworks/CFOpenDirectory.framework/Versions/A/CFOpenDirectory
0x0000000009840000 	/System/Library/Frameworks/SecurityFoundation.framework/Versions/A/SecurityFoundation
0x0000000009840000 	/System/Library/PrivateFrameworks/LanguageModeling.framework/Versions/A/LanguageModeling
0x0000000009840000 	/usr/lib/libcmph.dylib
0x0000000009840000 	/System/Library/Frameworks/ServiceManagement.framework/Versions/A/ServiceManagement
0x0000000009840000 	/usr/lib/libxslt.1.dylib
0x0000000009840000 	/System/Library/Frameworks/Carbon.framework/Versions/A/Frameworks/Ink.framework/Versions/A/Ink
0x0000000009840000 	/System/Library/Frameworks/QuartzCore.framework/Versions/A/Frameworks/CoreImage.framework/Versions/A/CoreImage
0x0000000009840000 	/System/Library/PrivateFrameworks/CrashReporterSupport.framework/Versions/A/CrashReporterSupport
0x0000000009840000 	/System/Library/Frameworks/OpenCL.framework/Versions/A/OpenCL
0x0000000009840000 	/System/Library/PrivateFrameworks/FaceCore.framework/Versions/A/FaceCore
0x0000000009840000 	/System/Library/PrivateFrameworks/Ubiquity.framework/Versions/A/Ubiquity
0x0000000009840000 	/System/Library/PrivateFrameworks/IconServices.framework/Versions/A/IconServices
0x0000000009840000 	/System/Library/PrivateFrameworks/ChunkingLibrary.framework/Versions/A/ChunkingLibrary
0x0000000009840000 	/System/Library/PrivateFrameworks/Apple80211.framework/Versions/A/Apple80211
0x0000000009840000 	/System/Library/Frameworks/CoreWLAN.framework/Versions/A/CoreWLAN
0x0000000009840000 	/System/Library/Frameworks/IOBluetooth.framework/Versions/A/IOBluetooth
0x0000000009840000 	/System/Library/PrivateFrameworks/CoreWiFi.framework/Versions/A/CoreWiFi
0x0000000009840000 	/System/Library/Frameworks/CoreBluetooth.framework/Versions/A/CoreBluetooth
0x0000000009840000 	/System/Library/PrivateFrameworks/DebugSymbols.framework/Versions/A/DebugSymbols
0x0000000009840000 	/System/Library/PrivateFrameworks/CoreSymbolication.framework/Versions/A/CoreSymbolication
0x0000000009840000 	/System/Library/PrivateFrameworks/Symbolication.framework/Versions/A/Symbolication
0x0000000009840000 	/System/Library/PrivateFrameworks/SpeechRecognitionCore.framework/Versions/A/SpeechRecognitionCore
0x0000000102a00000 	/Library/Java/JavaVirtualMachines/jdk1.8.0_45.jdk/Contents/Home/jre/lib/server/libjvm.dylib
0x0000000009840000 	/usr/lib/libstdc++.6.dylib
0x00000001019cd000 	/Library/Java/JavaVirtualMachines/jdk1.8.0_45.jdk/Contents/Home/jre/lib/libverify.dylib
0x0000000103969000 	/Library/Java/JavaVirtualMachines/jdk1.8.0_45.jdk/Contents/Home/jre/lib/libjava.dylib
0x000000010399e000 	/Library/Java/JavaVirtualMachines/jdk1.8.0_45.jdk/Contents/Home/jre/lib/libjdwp.dylib
0x00000001019dc000 	/Library/Java/JavaVirtualMachines/jdk1.8.0_45.jdk/Contents/Home/jre/lib/libnpt.dylib
0x00000001019e9000 	/Library/Java/JavaVirtualMachines/jdk1.8.0_45.jdk/Contents/Home/jre/lib/libzip.dylib
0x000000011f5bf000 	/System/Library/Frameworks/JavaVM.framework/Frameworks/JavaRuntimeSupport.framework/JavaRuntimeSupport
0x000000011f5d7000 	/System/Library/Frameworks/JavaVM.framework/Versions/A/Frameworks/JavaNativeFoundation.framework/Versions/A/JavaNativeFoundation
0x00000001019f3000 	/System/Library/Frameworks/JavaVM.framework/Versions/A/JavaVM
0x0000000009840000 	/System/Library/Frameworks/Carbon.framework/Versions/A/Carbon
0x000000011f5ec000 	/System/Library/PrivateFrameworks/JavaLaunching.framework/Versions/A/JavaLaunching
0x0000000009840000 	/System/Library/Frameworks/Carbon.framework/Versions/A/Frameworks/CommonPanels.framework/Versions/A/CommonPanels
0x0000000009840000 	/System/Library/Frameworks/Carbon.framework/Versions/A/Frameworks/Help.framework/Versions/A/Help
0x0000000009840000 	/System/Library/Frameworks/Carbon.framework/Versions/A/Frameworks/ImageCapture.framework/Versions/A/ImageCapture
0x0000000009840000 	/System/Library/Frameworks/Carbon.framework/Versions/A/Frameworks/OpenScripting.framework/Versions/A/OpenScripting
0x0000000009840000 	/System/Library/Frameworks/Carbon.framework/Versions/A/Frameworks/Print.framework/Versions/A/Print
0x0000000009840000 	/System/Library/Frameworks/Carbon.framework/Versions/A/Frameworks/SecurityHI.framework/Versions/A/SecurityHI
0x0000000120fd7000 	/Library/Java/JavaVirtualMachines/jdk1.8.0_45.jdk/Contents/Home/jre/lib/libdt_socket.dylib

VM Arguments:
jvm_args: -agentlib:jdwp=transport=dt_socket,address=127.0.0.1:53901,suspend=y,server=n -ea -Dfile.encoding=UTF-8 
java_command: com.intellij.rt.execution.junit.JUnitStarter -ideVersion5 com.shapesecurity.shift.integration.IntegrationTest,testFuzzerToCodeGenToParserToValidator
java_class_path (initial): /Applications/IntelliJ IDEA 14 CE.app/Contents/lib/idea_rt.jar:/Applications/IntelliJ IDEA 14 CE.app/Contents/plugins/junit/lib/junit-rt.jar:/Library/Java/JavaVirtualMachines/jdk1.8.0_45.jdk/Contents/Home/lib/ant-javafx.jar:/Library/Java/JavaVirtualMachines/jdk1.8.0_45.jdk/Contents/Home/lib/dt.jar:/Library/Java/JavaVirtualMachines/jdk1.8.0_45.jdk/Contents/Home/lib/javafx-mx.jar:/Library/Java/JavaVirtualMachines/jdk1.8.0_45.jdk/Contents/Home/lib/jconsole.jar:/Library/Java/JavaVirtualMachines/jdk1.8.0_45.jdk/Contents/Home/lib/packager.jar:/Library/Java/JavaVirtualMachines/jdk1.8.0_45.jdk/Contents/Home/lib/sa-jdi.jar:/Library/Java/JavaVirtualMachines/jdk1.8.0_45.jdk/Contents/Home/lib/tools.jar:/Library/Java/JavaVirtualMachines/jdk1.8.0_45.jdk/Contents/Home/jre/lib/charsets.jar:/Library/Java/JavaVirtualMachines/jdk1.8.0_45.jdk/Contents/Home/jre/lib/deploy.jar:/Library/Java/JavaVirtualMachines/jdk1.8.0_45.jdk/Contents/Home/jre/lib/javaws.jar:/Library/Java/JavaVirtualMachines/jdk1.8.0_45.jdk/Contents/Home/jre/lib/jce.jar:/Library/Java/JavaVirtualMachines/jdk1.8.0_45.jdk/Contents/Home/jre/lib/jfr.jar:/Library/Java/JavaVirtualMachines/jdk1.8.0_45.jdk/Contents/Home/jre/lib/jfxswt.jar:/Library/Java/JavaVirtualMachines/jdk1.8.0_45.jdk/Contents/Home/jre/lib/jsse.jar:/Library/Java/JavaVirtualMachines/jdk1.8.0_45.jdk/Contents/Home/jre/lib/management-agent.jar:/Library/Java/JavaVirtualMachines/jdk1.8.0_45.jdk/Contents/Home/jre/lib/plugin.jar:/Library/Java/JavaVirtualMachines/jdk1.8.0_45.jdk/Contents/Home/jre/lib/resources.jar:/Library/Java/JavaVirtualMachines/jdk1.8.0_45.jdk/Contents/Home/jre/lib/rt.jar:/Library/Java/JavaVirtualMachines/jdk1.8.0_45.jdk/Contents/Home/jre/lib/ext/cldrdata.jar:/Library/Java/JavaVirtualMachines/jdk1.8.0_45.jdk/Contents/Home/jre/lib/ext/dnsns.jar:/Library/Java/JavaVirtualMachines/jdk1.8.0_45.jdk/Contents/Home/jre/lib/ext/jfxrt.jar:/Library/Java/JavaVirtualMachines/jdk1.8.0_45.jdk/Contents/Home/jre/lib/ext/localedata.jar:/Li
Launcher Type: SUN_STANDARD

Environment Variables:
PATH=/Users/u478/.nvm/versions/node/v0.12.4/bin:/Users/u478/uls/bin:/usr/local/opt/coreutils/libexec/gnubin:/usr/local/bin:/usr/bin:/bin:/usr/sbin:/sbin
SHELL=/bin/bash

Signal Handlers:
SIGSEGV: [libjvm.dylib+0x58ef95], sa_mask[0]=11111111011111110111111111111111, sa_flags=SA_ONSTACK|SA_RESTART|SA_SIGINFO
SIGBUS: [libjvm.dylib+0x58ef95], sa_mask[0]=11111111011111110111111111111111, sa_flags=SA_RESTART|SA_SIGINFO
SIGFPE: [libjvm.dylib+0x46c108], sa_mask[0]=11111111011111110111111111111111, sa_flags=SA_RESTART|SA_SIGINFO
SIGPIPE: [libjvm.dylib+0x46c108], sa_mask[0]=11111111011111110111111111111111, sa_flags=SA_RESTART|SA_SIGINFO
SIGXFSZ: [libjvm.dylib+0x46c108], sa_mask[0]=11111111011111110111111111111111, sa_flags=SA_RESTART|SA_SIGINFO
SIGILL: [libjvm.dylib+0x46c108], sa_mask[0]=11111111011111110111111111111111, sa_flags=SA_RESTART|SA_SIGINFO
SIGUSR1: SIG_DFL, sa_mask[0]=00000000000000000000000000000000, sa_flags=none
SIGUSR2: [libjvm.dylib+0x46bc26], sa_mask[0]=00100000000000000000000000000000, sa_flags=SA_RESTART|SA_SIGINFO
SIGHUP: [libjvm.dylib+0x46a1f9], sa_mask[0]=11111111011111110111111111111111, sa_flags=SA_RESTART|SA_SIGINFO
SIGINT: [libjvm.dylib+0x46a1f9], sa_mask[0]=11111111011111110111111111111111, sa_flags=SA_RESTART|SA_SIGINFO
SIGTERM: [libjvm.dylib+0x46a1f9], sa_mask[0]=11111111011111110111111111111111, sa_flags=SA_RESTART|SA_SIGINFO
SIGQUIT: [libjvm.dylib+0x46a1f9], sa_mask[0]=11111111011111110111111111111111, sa_flags=SA_RESTART|SA_SIGINFO


---------------  S Y S T E M  ---------------

OS:Bsduname:Darwin 14.4.0 Darwin Kernel Version 14.4.0: Thu May 28 11:35:04 PDT 2015; root:xnu-2782.30.5~1/RELEASE_X86_64 x86_64
rlimit: STACK 8192k, CORE 0k, NPROC 709, NOFILE 10240, AS infinity
load average:4.24 3.64 3.60

CPU:total 8 (4 cores per cpu, 2 threads per core) family 6 model 58 stepping 9, cmov, cx8, fxsr, mmx, sse, sse2, sse3, ssse3, sse4.1, sse4.2, popcnt, avx, aes, clmul, erms, ht, tsc, tscinvbit, tscinv

Memory: 4k page, physical 16777216k(2267992k free)

/proc/meminfo:


vm_info: Java HotSpot(TM) 64-Bit Server VM (25.45-b02) for bsd-amd64 JRE (1.8.0_45-b14), built on Apr 10 2015 10:46:38 by "java_re" with gcc 4.2.1 (Based on Apple Inc. build 5658) (LLVM build 2336.11.00)

time: Tue Aug  4 13:37:24 2015
elapsed time: 5409 seconds (0d 1h 30m 9s)

