#
# A fatal error has been detected by the Java Runtime Environment:
#
#  SIGSEGV (0xb) at pc=0x0000000106c32d10, pid=7505, tid=18691
#
# JRE version: Java(TM) SE Runtime Environment (8.0_45-b14) (build 1.8.0_45-b14)
# Java VM: Java HotSpot(TM) 64-Bit Server VM (25.45-b02 mixed mode bsd-amd64 compressed oops)
# Problematic frame:
# V  [libjvm.dylib+0x432d10]  Method::checked_resolve_jmethod_id(_jmethodID*)+0xe
#
# Failed to write core dump. Core dumps have been disabled. To enable core dumping, try "ulimit -c unlimited" before starting Java again
#
# If you would like to submit a bug report, please visit:
#   http://bugreport.java.com/bugreport/crash.jsp
#

---------------  T H R E A D  ---------------

Current thread (0x00007f9e69044800):  JavaThread "JDWP Transport Listener: dt_socket" daemon [_thread_in_vm, id=18691, stack(0x0000000124dea000,0x0000000124eea000)]

siginfo: si_signo: 11 (SIGSEGV), si_code: 0 (unknown), si_addr: 0x0000000000000000

Registers:
RAX=0x0000000000000001, RBX=0x0000000124ee9a8b, RCX=0x0000000106ffa190, RDX=0x0000000124ee9a8b
RSP=0x0000000124ee99d0, RBP=0x0000000124ee99e0, RSI=0x00007f9e69044800, RDI=0x8000000000000000
R8 =0x0000000000000001, R9 =0x00007f9e6b300000, R10=0x0000000000000020, R11=0x00007f9e6b300000
R12=0x00007f9e69044800, R13=0x8000000000000000, R14=0x8000000000000000, R15=0x00007f9e68e0de30
RIP=0x0000000106c32d10, EFLAGS=0x0000000000010286, ERR=0x0000000000000000
  TRAPNO=0x000000000000000d

Top of Stack: (sp=0x0000000124ee99d0)
0x0000000124ee99d0:   0000000124ee9a8b 0000000124ee9a8b
0x0000000124ee99e0:   0000000124ee9a40 0000000106b430d6
0x0000000124ee99f0:   00007f9e69044800 0000000000000000
0x0000000124ee9a00:   0000000000000000 0000000000000000
0x0000000124ee9a10:   00007f9e69044800 00007f9e69044800
0x0000000124ee9a20:   0000000124ee9a8b 0000000124ee9a90
0x0000000124ee9a30:   8000000000000000 000000000000000d
0x0000000124ee9a40:   0000000124ee9a60 00000001077be780
0x0000000124ee9a50:   0000000000000001 0000000124ee9b08
0x0000000124ee9a60:   0000000124ee9ad0 00000001077a31f3
0x0000000124ee9a70:   0000000124ee9aa0 00007f9e6b3089b0
0x0000000124ee9a80:   0000000f00000032 0000000900ee9b08
0x0000000124ee9a90:   0000000000000000 0000000000000000
0x0000000124ee9aa0:   0000000000000000 0000000124ee9c90
0x0000000124ee9ab0:   00000001077c5e7a 00007f9e68f16960
0x0000000124ee9ac0:   0000000124ee9b08 00000001077d1598
0x0000000124ee9ad0:   0000000124ee9ae0 00000001077a32ec
0x0000000124ee9ae0:   0000000124ee9d00 00000001077ac898
0x0000000124ee9af0:   0000273d00000013 00000000000f0200
0x0000000124ee9b00:   00007f9e68f16720 00007f9e6d03a6af
0x0000000124ee9b10:   00007f9e00000401 00007f9e6b31f980
0x0000000124ee9b20:   00007f9e0000012c 0000000124ee9b58
0x0000000124ee9b30:   00007f9e6b31f420 00007f0000000000
0x0000000124ee9b40:   0000273d00000030 00007fff00003f80
0x0000000124ee9b50:   0000000124ee9b58 9e7f00000f000000
0x0000000124ee9b60:   0600000018cf116b 00003e74696e693c
0x0000000124ee9b70:   0000005629280300 7f00000100000000
0x0000000124ee9b80:   000000287ce3689e 726353747365740a
0x0000000124ee9b90:   2815000000747069 616c2f6176616a4c
0x0000000124ee9ba0:   6e697274532f676e 0000000056293b67
0x0000000124ee9bb0:   9e7f000009000000 0a000000307ce368
0x0000000124ee9bc0:   6972635374736574 4c28390000007470 

Instructions: (pc=0x0000000106c32d10)
0x0000000106c32cf0:   40 48 48 85 c0 75 e0 30 c0 0f b6 c0 5d c3 31 c0
0x0000000106c32d00:   5d c3 55 48 89 e5 53 48 83 ec 08 48 85 ff 74 24
0x0000000106c32d10:   48 8b 1f 48 85 db 74 1c 48 83 fb 37 74 16 48 8b
0x0000000106c32d20:   03 48 89 df ff 50 10 84 c0 b8 00 00 00 00 48 0f 

Register to memory mapping:

RAX=0x0000000000000001 is an unknown value
RBX=0x0000000124ee9a8b is pointing into the stack for thread: 0x00007f9e69044800
RCX=0x0000000106ffa190: UseMembar+0 in /Library/Java/JavaVirtualMachines/jdk1.8.0_45.jdk/Contents/Home/jre/lib/server/libjvm.dylib at 0x0000000106800000
RDX=0x0000000124ee9a8b is pointing into the stack for thread: 0x00007f9e69044800
RSP=0x0000000124ee99d0 is pointing into the stack for thread: 0x00007f9e69044800
RBP=0x0000000124ee99e0 is pointing into the stack for thread: 0x00007f9e69044800
RSI=0x00007f9e69044800 is a thread
RDI=0x8000000000000000 is an unknown value
R8 =0x0000000000000001 is an unknown value
R9 =0x00007f9e6b300000 is an unknown value
R10=0x0000000000000020 is an unknown value
R11=0x00007f9e6b300000 is an unknown value
R12=0x00007f9e69044800 is a thread
R13=0x8000000000000000 is an unknown value
R14=0x8000000000000000 is an unknown value
R15=0x00007f9e68e0de30 is an unknown value


Stack: [0x0000000124dea000,0x0000000124eea000],  sp=0x0000000124ee99d0,  free space=1022k
Native frames: (J=compiled Java code, j=interpreted, Vv=VM code, C=native code)
V  [libjvm.dylib+0x432d10]  Method::checked_resolve_jmethod_id(_jmethodID*)+0xe
V  [libjvm.dylib+0x3430d6]  jvmti_IsMethodSynthetic+0xb2
C  [libjdwp.dylib+0x20780]  isMethodSynthetic+0x63
C  [libjdwp.dylib+0x51f3]  methods1+0x10b
C  [libjdwp.dylib+0x52ec]  methodsWithGeneric+0xe
C  [libjdwp.dylib+0xe898]  debugLoop_run+0x1ce
C  [libjdwp.dylib+0x1f6ba]  attachThread+0x4d
V  [libjvm.dylib+0x38401c]  JvmtiAgentThread::call_start_function()+0x38
V  [libjvm.dylib+0x549acf]  JavaThread::thread_main_inner()+0x9b
V  [libjvm.dylib+0x54b1c0]  JavaThread::run()+0x1c2
V  [libjvm.dylib+0x46ea7e]  java_start(Thread*)+0xf6
C  [libsystem_pthread.dylib+0x3268]  _pthread_body+0x83
C  [libsystem_pthread.dylib+0x31e5]  _pthread_body+0x0
C  [libsystem_pthread.dylib+0x141d]  thread_start+0xd
C  0x0000000000000000


---------------  P R O C E S S  ---------------

Java Threads: ( => current thread )
  0x00007f9e6982e800 JavaThread "Service Thread" daemon [_thread_blocked, id=22275, stack(0x00000001254ff000,0x00000001255ff000)]
  0x00007f9e6d006800 JavaThread "C1 CompilerThread3" daemon [_thread_blocked, id=21763, stack(0x00000001253fc000,0x00000001254fc000)]
  0x00007f9e69804800 JavaThread "C2 CompilerThread2" daemon [_thread_blocked, id=21251, stack(0x00000001252f9000,0x00000001253f9000)]
  0x00007f9e69836800 JavaThread "C2 CompilerThread1" daemon [_thread_blocked, id=20739, stack(0x00000001251f6000,0x00000001252f6000)]
  0x00007f9e6d001800 JavaThread "C2 CompilerThread0" daemon [_thread_blocked, id=20227, stack(0x00000001250f3000,0x00000001251f3000)]
  0x00007f9e6c806000 JavaThread "JDWP Command Reader" daemon [_thread_in_native, id=19715, stack(0x0000000124ff0000,0x00000001250f0000)]
  0x00007f9e69043800 JavaThread "JDWP Event Helper Thread" daemon [_thread_blocked, id=19203, stack(0x0000000124eed000,0x0000000124fed000)]
=>0x00007f9e69044800 JavaThread "JDWP Transport Listener: dt_socket" daemon [_thread_in_vm, id=18691, stack(0x0000000124dea000,0x0000000124eea000)]
  0x00007f9e69041000 JavaThread "Signal Dispatcher" daemon [_thread_blocked, id=15383, stack(0x0000000124ce0000,0x0000000124de0000)]
  0x00007f9e69022800 JavaThread "Finalizer" daemon [_thread_blocked, id=13571, stack(0x00000001232bd000,0x00000001233bd000)]
  0x00007f9e69021800 JavaThread "Reference Handler" daemon [_thread_blocked, id=13059, stack(0x00000001231ba000,0x00000001232ba000)]
  0x00007f9e6a003000 JavaThread "main" [_thread_blocked, id=4867, stack(0x00000001056d5000,0x00000001057d5000)]

Other Threads:
  0x00007f9e6901f000 VMThread [stack: 0x00000001230b7000,0x00000001231b7000] [id=12547]
  0x00007f9e6a068800 WatcherThread [stack: 0x0000000125602000,0x0000000125702000] [id=22787]

VM state:not at safepoint (normal execution)

VM Mutex/Monitor currently owned by a thread: None

Heap:
 PSYoungGen      total 76288K, used 14419K [0x000000076ab00000, 0x0000000770000000, 0x00000007c0000000)
  eden space 65536K, 22% used [0x000000076ab00000,0x000000076b914c18,0x000000076eb00000)
  from space 10752K, 0% used [0x000000076f580000,0x000000076f580000,0x0000000770000000)
  to   space 10752K, 0% used [0x000000076eb00000,0x000000076eb00000,0x000000076f580000)
 ParOldGen       total 175104K, used 0K [0x00000006c0000000, 0x00000006cab00000, 0x000000076ab00000)
  object space 175104K, 0% used [0x00000006c0000000,0x00000006c0000000,0x00000006cab00000)
 Metaspace       used 5570K, capacity 5744K, committed 5888K, reserved 1056768K
  class space    used 650K, capacity 702K, committed 768K, reserved 1048576K

Card table byte_map: [0x0000000116ba9000,0x00000001173aa000] byte_map_base: 0x00000001135a9000

Marking Bits: (ParMarkBitMap*) 0x00000001070c27a0
 Begin Bits: [0x0000000118118000, 0x000000011c118000)
 End Bits:   [0x000000011c118000, 0x0000000120118000)

Polling page: 0x00000001057e5000

CodeCache: size=245760Kb used=2217Kb max_used=2219Kb free=243542Kb
 bounds [0x00000001077e9000, 0x0000000107a59000, 0x00000001167e9000]
 total_blobs=753 nmethods=484 adapters=191
 compilation: enabled

Compilation events (10 events):
Event: 0.539 Thread 0x00007f9e6d006800  479   !   3       java.lang.invoke.LambdaForm::compileToBytecode (103 bytes)
Event: 0.540 Thread 0x00007f9e6d006800 nmethod 479 0x0000000107a04410 code [0x0000000107a04640, 0x0000000107a04f78]
Event: 0.540 Thread 0x00007f9e6d006800  480       3       java.lang.invoke.LambdaForm::methodType (8 bytes)
Event: 0.540 Thread 0x00007f9e6d006800 nmethod 480 0x0000000107a03fd0 code [0x0000000107a04140, 0x0000000107a04378]
Event: 0.541 Thread 0x00007f9e6d006800  481       3       jdk.internal.org.objectweb.asm.ClassWriter::put122 (15 bytes)
Event: 0.541 Thread 0x00007f9e6d006800 nmethod 481 0x0000000107a13810 code [0x0000000107a139a0, 0x0000000107a13bb8]
Event: 0.542 Thread 0x00007f9e6d006800  482       1       java.lang.invoke.MethodTypeForm::basicType (5 bytes)
Event: 0.542 Thread 0x00007f9e6d006800 nmethod 482 0x0000000107a03d10 code [0x0000000107a03e60, 0x0000000107a03f70]
Event: 0.543 Thread 0x00007f9e6d006800  484       3       sun.invoke.util.Wrapper::forBasicType (16 bytes)
Event: 0.543 Thread 0x00007f9e6d006800 nmethod 484 0x0000000107a13310 code [0x0000000107a134a0, 0x0000000107a13718]

GC Heap History (0 events):
No events

Deoptimization events (1 events):
Event: 0.230 Thread 0x00007f9e6a003000 Uncommon trap: reason=unstable_if action=reinterpret pc=0x0000000107911e0c method=java.lang.String.hashCode()I @ 14

Internal exceptions (10 events):
Event: 0.221 Thread 0x00007f9e6a003000 Exception <a 'java/util/zip/ZipException'> (0x000000076abfcec8) thrown at [/Users/java_re/workspace/8-2-build-macosx-x86_64/jdk8u45/3457/hotspot/src/share/vm/prims/jni.cpp, line 709]
Event: 0.221 Thread 0x00007f9e6a003000 Exception <a 'java/security/PrivilegedActionException'> (0x000000076abfd078) thrown at [/Users/java_re/workspace/8-2-build-macosx-x86_64/jdk8u45/3457/hotspot/src/share/vm/prims/jvm.cpp, line 1382]
Event: 0.221 Thread 0x00007f9e6a003000 Exception <a 'java/security/PrivilegedActionException'> (0x000000076abfd230) thrown at [/Users/java_re/workspace/8-2-build-macosx-x86_64/jdk8u45/3457/hotspot/src/share/vm/prims/jvm.cpp, line 1382]
Event: 0.272 Thread 0x00007f9e6a003000 Exception <a 'java/io/FileNotFoundException'> (0x000000076b0a1870) thrown at [/Users/java_re/workspace/8-2-build-macosx-x86_64/jdk8u45/3457/hotspot/src/share/vm/prims/jni.cpp, line 709]
Event: 0.292 Thread 0x00007f9e6a003000 Exception <a 'java/security/PrivilegedActionException'> (0x000000076b101db0) thrown at [/Users/java_re/workspace/8-2-build-macosx-x86_64/jdk8u45/3457/hotspot/src/share/vm/prims/jvm.cpp, line 1382]
Event: 0.292 Thread 0x00007f9e6a003000 Exception <a 'java/security/PrivilegedActionException'> (0x000000076b101f68) thrown at [/Users/java_re/workspace/8-2-build-macosx-x86_64/jdk8u45/3457/hotspot/src/share/vm/prims/jvm.cpp, line 1382]
Event: 0.292 Thread 0x00007f9e6a003000 Exception <a 'java/security/PrivilegedActionException'> (0x000000076b105158) thrown at [/Users/java_re/workspace/8-2-build-macosx-x86_64/jdk8u45/3457/hotspot/src/share/vm/prims/jvm.cpp, line 1382]
Event: 0.292 Thread 0x00007f9e6a003000 Exception <a 'java/security/PrivilegedActionException'> (0x000000076b105310) thrown at [/Users/java_re/workspace/8-2-build-macosx-x86_64/jdk8u45/3457/hotspot/src/share/vm/prims/jvm.cpp, line 1382]
Event: 0.434 Thread 0x00007f9e6a003000 Exception <a 'java/lang/NoSuchFieldError': method resolution failed> (0x000000076b3f3048) thrown at [/Users/java_re/workspace/8-2-build-macosx-x86_64/jdk8u45/3457/hotspot/src/share/vm/prims/methodHandles.cpp, line 1125]
Event: 0.437 Thread 0x00007f9e6a003000 Exception <a 'java/lang/NoSuchFieldError': method resolution failed> (0x000000076b4019e8) thrown at [/Users/java_re/workspace/8-2-build-macosx-x86_64/jdk8u45/3457/hotspot/src/share/vm/prims/methodHandles.cpp, line 1125]

Events (10 events):
Event: 603.021 Executing VM operation: GetOrSetLocal
Event: 603.021 Executing VM operation: GetOrSetLocal done
Event: 603.021 Executing VM operation: GetOrSetLocal
Event: 603.021 Executing VM operation: GetOrSetLocal done
Event: 603.021 Executing VM operation: GetOrSetLocal
Event: 603.021 Executing VM operation: GetOrSetLocal done
Event: 626.773 Executing VM operation: ChangeBreakpoints
Event: 626.773 Executing VM operation: ChangeBreakpoints done
Event: 1168.286 Executing VM operation: RedefineClasses
Event: 1168.290 Executing VM operation: RedefineClasses done


Dynamic libraries:
0x00000000093e8000 	/System/Library/Frameworks/Cocoa.framework/Versions/A/Cocoa
0x00000000093e8000 	/System/Library/Frameworks/Security.framework/Versions/A/Security
0x00000000093e8000 	/System/Library/Frameworks/ApplicationServices.framework/Versions/A/ApplicationServices
0x00000000093e8000 	/usr/lib/libz.1.dylib
0x00000000093e8000 	/usr/lib/libSystem.B.dylib
0x00000000093e8000 	/usr/lib/libobjc.A.dylib
0x00000000093e8000 	/System/Library/Frameworks/CoreFoundation.framework/Versions/A/CoreFoundation
0x00000000093e8000 	/System/Library/Frameworks/Foundation.framework/Versions/C/Foundation
0x00000000093e8000 	/System/Library/Frameworks/AppKit.framework/Versions/C/AppKit
0x00000000093e8000 	/System/Library/Frameworks/CoreData.framework/Versions/A/CoreData
0x00000000093e8000 	/System/Library/PrivateFrameworks/RemoteViewServices.framework/Versions/A/RemoteViewServices
0x00000000093e8000 	/System/Library/PrivateFrameworks/UIFoundation.framework/Versions/A/UIFoundation
0x00000000093e8000 	/System/Library/Frameworks/IOSurface.framework/Versions/A/IOSurface
0x00000000093e8000 	/System/Library/Frameworks/AudioToolbox.framework/Versions/A/AudioToolbox
0x00000000093e8000 	/System/Library/Frameworks/AudioUnit.framework/Versions/A/AudioUnit
0x00000000093e8000 	/System/Library/PrivateFrameworks/DataDetectorsCore.framework/Versions/A/DataDetectorsCore
0x00000000093e8000 	/System/Library/PrivateFrameworks/DesktopServicesPriv.framework/Versions/A/DesktopServicesPriv
0x00000000093e8000 	/System/Library/Frameworks/Carbon.framework/Versions/A/Frameworks/HIToolbox.framework/Versions/A/HIToolbox
0x00000000093e8000 	/System/Library/Frameworks/QuartzCore.framework/Versions/A/QuartzCore
0x00000000093e8000 	/System/Library/Frameworks/Carbon.framework/Versions/A/Frameworks/SpeechRecognition.framework/Versions/A/SpeechRecognition
0x00000000093e8000 	/usr/lib/libauto.dylib
0x00000000093e8000 	/usr/lib/libicucore.A.dylib
0x00000000093e8000 	/usr/lib/libxml2.2.dylib
0x00000000093e8000 	/System/Library/PrivateFrameworks/CoreUI.framework/Versions/A/CoreUI
0x00000000093e8000 	/System/Library/Frameworks/CoreAudio.framework/Versions/A/CoreAudio
0x00000000093e8000 	/System/Library/Frameworks/DiskArbitration.framework/Versions/A/DiskArbitration
0x00000000093e8000 	/usr/lib/liblangid.dylib
0x00000000093e8000 	/System/Library/PrivateFrameworks/MultitouchSupport.framework/Versions/A/MultitouchSupport
0x00000000093e8000 	/System/Library/Frameworks/IOKit.framework/Versions/A/IOKit
0x00000000093e8000 	/usr/lib/libDiagnosticMessagesClient.dylib
0x00000000093e8000 	/System/Library/Frameworks/CoreServices.framework/Versions/A/CoreServices
0x00000000093e8000 	/System/Library/PrivateFrameworks/PerformanceAnalysis.framework/Versions/A/PerformanceAnalysis
0x00000000093e8000 	/System/Library/PrivateFrameworks/GenerationalStorage.framework/Versions/A/GenerationalStorage
0x00000000093e8000 	/System/Library/Frameworks/OpenGL.framework/Versions/A/OpenGL
0x00000000093e8000 	/System/Library/PrivateFrameworks/Sharing.framework/Versions/A/Sharing
0x00000000093e8000 	/System/Library/Frameworks/CoreGraphics.framework/Versions/A/CoreGraphics
0x00000000093e8000 	/System/Library/Frameworks/CoreText.framework/Versions/A/CoreText
0x00000000093e8000 	/System/Library/Frameworks/ImageIO.framework/Versions/A/ImageIO
0x00000000093e8000 	/usr/lib/libextension.dylib
0x00000000093e8000 	/System/Library/PrivateFrameworks/Backup.framework/Versions/A/Backup
0x00000000093e8000 	/usr/lib/libarchive.2.dylib
0x00000000093e8000 	/System/Library/Frameworks/CFNetwork.framework/Versions/A/CFNetwork
0x00000000093e8000 	/System/Library/Frameworks/SystemConfiguration.framework/Versions/A/SystemConfiguration
0x00000000093e8000 	/usr/lib/libCRFSuite.dylib
0x00000000093e8000 	/usr/lib/libc++.1.dylib
0x00000000093e8000 	/usr/lib/libc++abi.dylib
0x00000000093e8000 	/usr/lib/system/libcache.dylib
0x00000000093e8000 	/usr/lib/system/libcommonCrypto.dylib
0x00000000093e8000 	/usr/lib/system/libcompiler_rt.dylib
0x00000000093e8000 	/usr/lib/system/libcopyfile.dylib
0x00000000093e8000 	/usr/lib/system/libcorecrypto.dylib
0x00000000093e8000 	/usr/lib/system/libdispatch.dylib
0x00000000093e8000 	/usr/lib/system/libdyld.dylib
0x00000000093e8000 	/usr/lib/system/libkeymgr.dylib
0x00000000093e8000 	/usr/lib/system/liblaunch.dylib
0x00000000093e8000 	/usr/lib/system/libmacho.dylib
0x00000000093e8000 	/usr/lib/system/libquarantine.dylib
0x00000000093e8000 	/usr/lib/system/libremovefile.dylib
0x00000000093e8000 	/usr/lib/system/libsystem_asl.dylib
0x00000000093e8000 	/usr/lib/system/libsystem_blocks.dylib
0x00000000093e8000 	/usr/lib/system/libsystem_c.dylib
0x00000000093e8000 	/usr/lib/system/libsystem_configuration.dylib
0x00000000093e8000 	/usr/lib/system/libsystem_coreservices.dylib
0x00000000093e8000 	/usr/lib/system/libsystem_coretls.dylib
0x00000000093e8000 	/usr/lib/system/libsystem_dnssd.dylib
0x00000000093e8000 	/usr/lib/system/libsystem_info.dylib
0x00000000093e8000 	/usr/lib/system/libsystem_kernel.dylib
0x00000000093e8000 	/usr/lib/system/libsystem_m.dylib
0x00000000093e8000 	/usr/lib/system/libsystem_malloc.dylib
0x00000000093e8000 	/usr/lib/system/libsystem_network.dylib
0x00000000093e8000 	/usr/lib/system/libsystem_networkextension.dylib
0x00000000093e8000 	/usr/lib/system/libsystem_notify.dylib
0x00000000093e8000 	/usr/lib/system/libsystem_platform.dylib
0x00000000093e8000 	/usr/lib/system/libsystem_pthread.dylib
0x00000000093e8000 	/usr/lib/system/libsystem_sandbox.dylib
0x00000000093e8000 	/usr/lib/system/libsystem_secinit.dylib
0x00000000093e8000 	/usr/lib/system/libsystem_stats.dylib
0x00000000093e8000 	/usr/lib/system/libsystem_trace.dylib
0x00000000093e8000 	/usr/lib/system/libunc.dylib
0x00000000093e8000 	/usr/lib/system/libunwind.dylib
0x00000000093e8000 	/usr/lib/system/libxpc.dylib
0x00000000093e8000 	/usr/lib/libbz2.1.0.dylib
0x00000000093e8000 	/usr/lib/liblzma.5.dylib
0x00000000093e8000 	/usr/lib/libbsm.0.dylib
0x00000000093e8000 	/usr/lib/libsqlite3.dylib
0x00000000093e8000 	/usr/lib/system/libkxld.dylib
0x00000000093e8000 	/usr/lib/libxar.1.dylib
0x00000000093e8000 	/usr/lib/libpam.2.dylib
0x00000000093e8000 	/usr/lib/libOpenScriptingUtil.dylib
0x00000000093e8000 	/System/Library/Frameworks/CoreServices.framework/Versions/A/Frameworks/FSEvents.framework/Versions/A/FSEvents
0x00000000093e8000 	/System/Library/Frameworks/CoreServices.framework/Versions/A/Frameworks/CarbonCore.framework/Versions/A/CarbonCore
0x00000000093e8000 	/System/Library/Frameworks/CoreServices.framework/Versions/A/Frameworks/Metadata.framework/Versions/A/Metadata
0x00000000093e8000 	/System/Library/Frameworks/CoreServices.framework/Versions/A/Frameworks/OSServices.framework/Versions/A/OSServices
0x00000000093e8000 	/System/Library/Frameworks/CoreServices.framework/Versions/A/Frameworks/SearchKit.framework/Versions/A/SearchKit
0x00000000093e8000 	/System/Library/Frameworks/CoreServices.framework/Versions/A/Frameworks/AE.framework/Versions/A/AE
0x00000000093e8000 	/System/Library/Frameworks/CoreServices.framework/Versions/A/Frameworks/LaunchServices.framework/Versions/A/LaunchServices
0x00000000093e8000 	/System/Library/Frameworks/CoreServices.framework/Versions/A/Frameworks/DictionaryServices.framework/Versions/A/DictionaryServices
0x00000000093e8000 	/System/Library/Frameworks/NetFS.framework/Versions/A/NetFS
0x00000000093e8000 	/System/Library/PrivateFrameworks/NetAuth.framework/Versions/A/NetAuth
0x00000000093e8000 	/System/Library/PrivateFrameworks/login.framework/Versions/A/Frameworks/loginsupport.framework/Versions/A/loginsupport
0x00000000093e8000 	/System/Library/PrivateFrameworks/TCC.framework/Versions/A/TCC
0x00000000093e8000 	/usr/lib/libmecabra.dylib
0x00000000093e8000 	/System/Library/Frameworks/ApplicationServices.framework/Versions/A/Frameworks/ATS.framework/Versions/A/ATS
0x00000000093e8000 	/System/Library/Frameworks/ApplicationServices.framework/Versions/A/Frameworks/ColorSync.framework/Versions/A/ColorSync
0x00000000093e8000 	/System/Library/Frameworks/ApplicationServices.framework/Versions/A/Frameworks/HIServices.framework/Versions/A/HIServices
0x00000000093e8000 	/System/Library/Frameworks/ApplicationServices.framework/Versions/A/Frameworks/LangAnalysis.framework/Versions/A/LangAnalysis
0x00000000093e8000 	/System/Library/Frameworks/ApplicationServices.framework/Versions/A/Frameworks/PrintCore.framework/Versions/A/PrintCore
0x00000000093e8000 	/System/Library/Frameworks/ApplicationServices.framework/Versions/A/Frameworks/QD.framework/Versions/A/QD
0x00000000093e8000 	/System/Library/Frameworks/ApplicationServices.framework/Versions/A/Frameworks/SpeechSynthesis.framework/Versions/A/SpeechSynthesis
0x00000000093e8000 	/System/Library/Frameworks/Accelerate.framework/Versions/A/Accelerate
0x00000000093e8000 	/System/Library/Frameworks/Accelerate.framework/Versions/A/Frameworks/vImage.framework/Versions/A/vImage
0x00000000093e8000 	/System/Library/Frameworks/Accelerate.framework/Versions/A/Frameworks/vecLib.framework/Versions/A/vecLib
0x00000000093e8000 	/System/Library/Frameworks/Accelerate.framework/Versions/A/Frameworks/vecLib.framework/Versions/A/libvDSP.dylib
0x00000000093e8000 	/System/Library/Frameworks/Accelerate.framework/Versions/A/Frameworks/vecLib.framework/Versions/A/libvMisc.dylib
0x00000000093e8000 	/System/Library/Frameworks/Accelerate.framework/Versions/A/Frameworks/vecLib.framework/Versions/A/libLAPACK.dylib
0x00000000093e8000 	/System/Library/Frameworks/Accelerate.framework/Versions/A/Frameworks/vecLib.framework/Versions/A/libBLAS.dylib
0x00000000093e8000 	/System/Library/Frameworks/Accelerate.framework/Versions/A/Frameworks/vecLib.framework/Versions/A/libLinearAlgebra.dylib
0x00000000093e8000 	/System/Library/Frameworks/ApplicationServices.framework/Versions/A/Frameworks/ATS.framework/Versions/A/Resources/libFontParser.dylib
0x00000000093e8000 	/System/Library/Frameworks/ApplicationServices.framework/Versions/A/Frameworks/ATS.framework/Versions/A/Resources/libFontRegistry.dylib
0x00000000093e8000 	/System/Library/PrivateFrameworks/AppleVPA.framework/Versions/A/AppleVPA
0x00000000093e8000 	/System/Library/PrivateFrameworks/AppleJPEG.framework/Versions/A/AppleJPEG
0x00000000093e8000 	/System/Library/Frameworks/ImageIO.framework/Versions/A/Resources/libJPEG.dylib
0x00000000093e8000 	/System/Library/Frameworks/ImageIO.framework/Versions/A/Resources/libTIFF.dylib
0x00000000093e8000 	/System/Library/Frameworks/ImageIO.framework/Versions/A/Resources/libPng.dylib
0x00000000093e8000 	/System/Library/Frameworks/ImageIO.framework/Versions/A/Resources/libGIF.dylib
0x00000000093e8000 	/System/Library/Frameworks/ImageIO.framework/Versions/A/Resources/libJP2.dylib
0x00000000093e8000 	/System/Library/Frameworks/ImageIO.framework/Versions/A/Resources/libRadiance.dylib
0x00000000093e8000 	/System/Library/Frameworks/CoreVideo.framework/Versions/A/CoreVideo
0x00000000093e8000 	/System/Library/Frameworks/OpenGL.framework/Versions/A/Libraries/libGLU.dylib
0x00000000093e8000 	/System/Library/Frameworks/OpenGL.framework/Versions/A/Libraries/libGFXShared.dylib
0x00000000093e8000 	/System/Library/Frameworks/OpenGL.framework/Versions/A/Libraries/libGL.dylib
0x00000000093e8000 	/System/Library/Frameworks/OpenGL.framework/Versions/A/Libraries/libGLImage.dylib
0x00000000093e8000 	/System/Library/Frameworks/OpenGL.framework/Versions/A/Libraries/libCVMSPluginSupport.dylib
0x00000000093e8000 	/System/Library/Frameworks/OpenGL.framework/Versions/A/Libraries/libCoreVMClient.dylib
0x00000000093e8000 	/usr/lib/libcups.2.dylib
0x00000000093e8000 	/System/Library/Frameworks/Kerberos.framework/Versions/A/Kerberos
0x00000000093e8000 	/System/Library/Frameworks/GSS.framework/Versions/A/GSS
0x00000000093e8000 	/usr/lib/libresolv.9.dylib
0x00000000093e8000 	/usr/lib/libiconv.2.dylib
0x00000000093e8000 	/System/Library/PrivateFrameworks/Heimdal.framework/Versions/A/Heimdal
0x00000000093e8000 	/usr/lib/libheimdal-asn1.dylib
0x00000000093e8000 	/System/Library/Frameworks/OpenDirectory.framework/Versions/A/OpenDirectory
0x00000000093e8000 	/System/Library/PrivateFrameworks/CommonAuth.framework/Versions/A/CommonAuth
0x00000000093e8000 	/System/Library/Frameworks/OpenDirectory.framework/Versions/A/Frameworks/CFOpenDirectory.framework/Versions/A/CFOpenDirectory
0x00000000093e8000 	/System/Library/Frameworks/SecurityFoundation.framework/Versions/A/SecurityFoundation
0x00000000093e8000 	/System/Library/PrivateFrameworks/LanguageModeling.framework/Versions/A/LanguageModeling
0x00000000093e8000 	/usr/lib/libcmph.dylib
0x00000000093e8000 	/System/Library/Frameworks/ServiceManagement.framework/Versions/A/ServiceManagement
0x00000000093e8000 	/usr/lib/libxslt.1.dylib
0x00000000093e8000 	/System/Library/Frameworks/Carbon.framework/Versions/A/Frameworks/Ink.framework/Versions/A/Ink
0x00000000093e8000 	/System/Library/Frameworks/QuartzCore.framework/Versions/A/Frameworks/CoreImage.framework/Versions/A/CoreImage
0x00000000093e8000 	/System/Library/PrivateFrameworks/CrashReporterSupport.framework/Versions/A/CrashReporterSupport
0x00000000093e8000 	/System/Library/Frameworks/OpenCL.framework/Versions/A/OpenCL
0x00000000093e8000 	/System/Library/PrivateFrameworks/FaceCore.framework/Versions/A/FaceCore
0x00000000093e8000 	/System/Library/PrivateFrameworks/Ubiquity.framework/Versions/A/Ubiquity
0x00000000093e8000 	/System/Library/PrivateFrameworks/IconServices.framework/Versions/A/IconServices
0x00000000093e8000 	/System/Library/PrivateFrameworks/ChunkingLibrary.framework/Versions/A/ChunkingLibrary
0x00000000093e8000 	/System/Library/PrivateFrameworks/Apple80211.framework/Versions/A/Apple80211
0x00000000093e8000 	/System/Library/Frameworks/CoreWLAN.framework/Versions/A/CoreWLAN
0x00000000093e8000 	/System/Library/Frameworks/IOBluetooth.framework/Versions/A/IOBluetooth
0x00000000093e8000 	/System/Library/PrivateFrameworks/CoreWiFi.framework/Versions/A/CoreWiFi
0x00000000093e8000 	/System/Library/Frameworks/CoreBluetooth.framework/Versions/A/CoreBluetooth
0x00000000093e8000 	/System/Library/PrivateFrameworks/DebugSymbols.framework/Versions/A/DebugSymbols
0x00000000093e8000 	/System/Library/PrivateFrameworks/CoreSymbolication.framework/Versions/A/CoreSymbolication
0x00000000093e8000 	/System/Library/PrivateFrameworks/Symbolication.framework/Versions/A/Symbolication
0x00000000093e8000 	/System/Library/PrivateFrameworks/SpeechRecognitionCore.framework/Versions/A/SpeechRecognitionCore
0x0000000106800000 	/Library/Java/JavaVirtualMachines/jdk1.8.0_45.jdk/Contents/Home/jre/lib/server/libjvm.dylib
0x00000000093e8000 	/usr/lib/libstdc++.6.dylib
0x00000001057d7000 	/Library/Java/JavaVirtualMachines/jdk1.8.0_45.jdk/Contents/Home/jre/lib/libverify.dylib
0x0000000107769000 	/Library/Java/JavaVirtualMachines/jdk1.8.0_45.jdk/Contents/Home/jre/lib/libjava.dylib
0x000000010779e000 	/Library/Java/JavaVirtualMachines/jdk1.8.0_45.jdk/Contents/Home/jre/lib/libjdwp.dylib
0x00000001057e6000 	/Library/Java/JavaVirtualMachines/jdk1.8.0_45.jdk/Contents/Home/jre/lib/libnpt.dylib
0x00000001057f3000 	/Library/Java/JavaVirtualMachines/jdk1.8.0_45.jdk/Contents/Home/jre/lib/libzip.dylib
0x00000001233bf000 	/System/Library/Frameworks/JavaVM.framework/Frameworks/JavaRuntimeSupport.framework/JavaRuntimeSupport
0x00000001233d7000 	/System/Library/Frameworks/JavaVM.framework/Versions/A/Frameworks/JavaNativeFoundation.framework/Versions/A/JavaNativeFoundation
0x00000001233ec000 	/System/Library/Frameworks/JavaVM.framework/Versions/A/JavaVM
0x00000000093e8000 	/System/Library/Frameworks/Carbon.framework/Versions/A/Carbon
0x00000001233f9000 	/System/Library/PrivateFrameworks/JavaLaunching.framework/Versions/A/JavaLaunching
0x00000000093e8000 	/System/Library/Frameworks/Carbon.framework/Versions/A/Frameworks/CommonPanels.framework/Versions/A/CommonPanels
0x00000000093e8000 	/System/Library/Frameworks/Carbon.framework/Versions/A/Frameworks/Help.framework/Versions/A/Help
0x00000000093e8000 	/System/Library/Frameworks/Carbon.framework/Versions/A/Frameworks/ImageCapture.framework/Versions/A/ImageCapture
0x00000000093e8000 	/System/Library/Frameworks/Carbon.framework/Versions/A/Frameworks/OpenScripting.framework/Versions/A/OpenScripting
0x00000000093e8000 	/System/Library/Frameworks/Carbon.framework/Versions/A/Frameworks/Print.framework/Versions/A/Print
0x00000000093e8000 	/System/Library/Frameworks/Carbon.framework/Versions/A/Frameworks/SecurityHI.framework/Versions/A/SecurityHI
0x0000000124de2000 	/Library/Java/JavaVirtualMachines/jdk1.8.0_45.jdk/Contents/Home/jre/lib/libdt_socket.dylib

VM Arguments:
jvm_args: -agentlib:jdwp=transport=dt_socket,address=127.0.0.1:51615,suspend=y,server=n -ea -Dfile.encoding=UTF-8 
java_command: com.intellij.rt.execution.junit.JUnitStarter -ideVersion5 com.shapesecurity.shift.parser.modules.ExportTest,testExport
java_class_path (initial): /Applications/IntelliJ IDEA 14 CE.app/Contents/lib/idea_rt.jar:/Applications/IntelliJ IDEA 14 CE.app/Contents/plugins/junit/lib/junit-rt.jar:/Library/Java/JavaVirtualMachines/jdk1.8.0_45.jdk/Contents/Home/lib/ant-javafx.jar:/Library/Java/JavaVirtualMachines/jdk1.8.0_45.jdk/Contents/Home/lib/dt.jar:/Library/Java/JavaVirtualMachines/jdk1.8.0_45.jdk/Contents/Home/lib/javafx-mx.jar:/Library/Java/JavaVirtualMachines/jdk1.8.0_45.jdk/Contents/Home/lib/jconsole.jar:/Library/Java/JavaVirtualMachines/jdk1.8.0_45.jdk/Contents/Home/lib/packager.jar:/Library/Java/JavaVirtualMachines/jdk1.8.0_45.jdk/Contents/Home/lib/sa-jdi.jar:/Library/Java/JavaVirtualMachines/jdk1.8.0_45.jdk/Contents/Home/lib/tools.jar:/Library/Java/JavaVirtualMachines/jdk1.8.0_45.jdk/Contents/Home/jre/lib/charsets.jar:/Library/Java/JavaVirtualMachines/jdk1.8.0_45.jdk/Contents/Home/jre/lib/deploy.jar:/Library/Java/JavaVirtualMachines/jdk1.8.0_45.jdk/Contents/Home/jre/lib/javaws.jar:/Library/Java/JavaVirtualMachines/jdk1.8.0_45.jdk/Contents/Home/jre/lib/jce.jar:/Library/Java/JavaVirtualMachines/jdk1.8.0_45.jdk/Contents/Home/jre/lib/jfr.jar:/Library/Java/JavaVirtualMachines/jdk1.8.0_45.jdk/Contents/Home/jre/lib/jfxswt.jar:/Library/Java/JavaVirtualMachines/jdk1.8.0_45.jdk/Contents/Home/jre/lib/jsse.jar:/Library/Java/JavaVirtualMachines/jdk1.8.0_45.jdk/Contents/Home/jre/lib/management-agent.jar:/Library/Java/JavaVirtualMachines/jdk1.8.0_45.jdk/Contents/Home/jre/lib/plugin.jar:/Library/Java/JavaVirtualMachines/jdk1.8.0_45.jdk/Contents/Home/jre/lib/resources.jar:/Library/Java/JavaVirtualMachines/jdk1.8.0_45.jdk/Contents/Home/jre/lib/rt.jar:/Library/Java/JavaVirtualMachines/jdk1.8.0_45.jdk/Contents/Home/jre/lib/ext/cldrdata.jar:/Library/Java/JavaVirtualMachines/jdk1.8.0_45.jdk/Contents/Home/jre/lib/ext/dnsns.jar:/Library/Java/JavaVirtualMachines/jdk1.8.0_45.jdk/Contents/Home/jre/lib/ext/jfxrt.jar:/Library/Java/JavaVirtualMachines/jdk1.8.0_45.jdk/Contents/Home/jre/lib/ext/localedata.jar:/Li
Launcher Type: SUN_STANDARD

Environment Variables:
PATH=/Users/u478/.nvm/versions/node/v0.12.4/bin:/Users/u478/uls/bin:/usr/local/opt/coreutils/libexec/gnubin:/usr/local/bin:/usr/bin:/bin:/usr/sbin:/sbin
SHELL=/bin/bash

Signal Handlers:
SIGSEGV: [libjvm.dylib+0x58ef95], sa_mask[0]=11111111011111110111111111111111, sa_flags=SA_ONSTACK|SA_RESTART|SA_SIGINFO
SIGBUS: [libjvm.dylib+0x58ef95], sa_mask[0]=11111111011111110111111111111111, sa_flags=SA_RESTART|SA_SIGINFO
SIGFPE: [libjvm.dylib+0x46c108], sa_mask[0]=11111111011111110111111111111111, sa_flags=SA_RESTART|SA_SIGINFO
SIGPIPE: [libjvm.dylib+0x46c108], sa_mask[0]=11111111011111110111111111111111, sa_flags=SA_RESTART|SA_SIGINFO
SIGXFSZ: [libjvm.dylib+0x46c108], sa_mask[0]=11111111011111110111111111111111, sa_flags=SA_RESTART|SA_SIGINFO
SIGILL: [libjvm.dylib+0x46c108], sa_mask[0]=11111111011111110111111111111111, sa_flags=SA_RESTART|SA_SIGINFO
SIGUSR1: SIG_DFL, sa_mask[0]=00000000000000000000000000000000, sa_flags=none
SIGUSR2: [libjvm.dylib+0x46bc26], sa_mask[0]=00100000000000000000000000000000, sa_flags=SA_RESTART|SA_SIGINFO
SIGHUP: [libjvm.dylib+0x46a1f9], sa_mask[0]=11111111011111110111111111111111, sa_flags=SA_RESTART|SA_SIGINFO
SIGINT: [libjvm.dylib+0x46a1f9], sa_mask[0]=11111111011111110111111111111111, sa_flags=SA_RESTART|SA_SIGINFO
SIGTERM: [libjvm.dylib+0x46a1f9], sa_mask[0]=11111111011111110111111111111111, sa_flags=SA_RESTART|SA_SIGINFO
SIGQUIT: [libjvm.dylib+0x46a1f9], sa_mask[0]=11111111011111110111111111111111, sa_flags=SA_RESTART|SA_SIGINFO


---------------  S Y S T E M  ---------------

OS:Bsduname:Darwin 14.4.0 Darwin Kernel Version 14.4.0: Thu May 28 11:35:04 PDT 2015; root:xnu-2782.30.5~1/RELEASE_X86_64 x86_64
rlimit: STACK 8192k, CORE 0k, NPROC 709, NOFILE 10240, AS infinity
load average:2.29 2.37 2.20

CPU:total 8 (4 cores per cpu, 2 threads per core) family 6 model 58 stepping 9, cmov, cx8, fxsr, mmx, sse, sse2, sse3, ssse3, sse4.1, sse4.2, popcnt, avx, aes, clmul, erms, ht, tsc, tscinvbit, tscinv

Memory: 4k page, physical 16777216k(3572296k free)

/proc/meminfo:


vm_info: Java HotSpot(TM) 64-Bit Server VM (25.45-b02) for bsd-amd64 JRE (1.8.0_45-b14), built on Apr 10 2015 10:46:38 by "java_re" with gcc 4.2.1 (Based on Apple Inc. build 5658) (LLVM build 2336.11.00)

time: Wed Jul 22 11:55:36 2015
elapsed time: 1168 seconds (0d 0h 19m 28s)

